{"/home/andredeomondes/Dev/fsc-estudos/projects/finance-app-api/src/controllers/helpers/http.js": {"path":"/home/andredeomondes/Dev/fsc-estudos/projects/finance-app-api/src/controllers/helpers/http.js","all":false,"statementMap":{"0":{"start":{"line":1,"column":0},"end":{"line":1,"column":37}},"1":{"start":{"line":2,"column":0},"end":{"line":2,"column":12}},"2":{"start":{"line":3,"column":0},"end":{"line":3,"column":24}},"3":{"start":{"line":4,"column":0},"end":{"line":4,"column":13}},"4":{"start":{"line":5,"column":0},"end":{"line":5,"column":5}},"5":{"start":{"line":6,"column":0},"end":{"line":6,"column":1}},"6":{"start":{"line":7,"column":0},"end":{"line":7,"column":0}},"7":{"start":{"line":8,"column":0},"end":{"line":8,"column":34}},"8":{"start":{"line":9,"column":0},"end":{"line":9,"column":12}},"9":{"start":{"line":10,"column":0},"end":{"line":10,"column":24}},"10":{"start":{"line":11,"column":0},"end":{"line":11,"column":13}},"11":{"start":{"line":12,"column":0},"end":{"line":12,"column":5}},"12":{"start":{"line":13,"column":0},"end":{"line":13,"column":1}},"13":{"start":{"line":14,"column":0},"end":{"line":14,"column":0}},"14":{"start":{"line":15,"column":0},"end":{"line":15,"column":34}},"15":{"start":{"line":16,"column":0},"end":{"line":16,"column":12}},"16":{"start":{"line":17,"column":0},"end":{"line":17,"column":24}},"17":{"start":{"line":18,"column":0},"end":{"line":18,"column":15}},"18":{"start":{"line":19,"column":0},"end":{"line":19,"column":45}},"19":{"start":{"line":20,"column":0},"end":{"line":20,"column":10}},"20":{"start":{"line":21,"column":0},"end":{"line":21,"column":5}},"21":{"start":{"line":22,"column":0},"end":{"line":22,"column":1}},"22":{"start":{"line":23,"column":0},"end":{"line":23,"column":0}},"23":{"start":{"line":24,"column":0},"end":{"line":24,"column":29}},"24":{"start":{"line":25,"column":0},"end":{"line":25,"column":12}},"25":{"start":{"line":26,"column":0},"end":{"line":26,"column":24}},"26":{"start":{"line":27,"column":0},"end":{"line":27,"column":13}},"27":{"start":{"line":28,"column":0},"end":{"line":28,"column":5}},"28":{"start":{"line":29,"column":0},"end":{"line":29,"column":1}},"29":{"start":{"line":30,"column":0},"end":{"line":30,"column":0}},"30":{"start":{"line":31,"column":0},"end":{"line":31,"column":35}},"31":{"start":{"line":32,"column":0},"end":{"line":32,"column":12}},"32":{"start":{"line":33,"column":0},"end":{"line":33,"column":24}},"33":{"start":{"line":34,"column":0},"end":{"line":34,"column":15}},"34":{"start":{"line":35,"column":0},"end":{"line":35,"column":49}},"35":{"start":{"line":36,"column":0},"end":{"line":36,"column":10}},"36":{"start":{"line":37,"column":0},"end":{"line":37,"column":5}},"37":{"start":{"line":38,"column":0},"end":{"line":38,"column":1}}},"s":{"0":1,"1":10,"2":10,"3":10,"4":10,"5":10,"6":1,"7":1,"8":2,"9":2,"10":2,"11":2,"12":2,"13":1,"14":1,"15":3,"16":3,"17":3,"18":3,"19":3,"20":3,"21":3,"22":1,"23":1,"24":3,"25":3,"26":3,"27":3,"28":3,"29":1,"30":1,"31":3,"32":3,"33":3,"34":3,"35":3,"36":3,"37":3},"branchMap":{"0":{"type":"branch","line":1,"loc":{"start":{"line":1,"column":27},"end":{"line":6,"column":1}},"locations":[{"start":{"line":1,"column":27},"end":{"line":6,"column":1}}]},"1":{"type":"branch","line":8,"loc":{"start":{"line":8,"column":24},"end":{"line":13,"column":1}},"locations":[{"start":{"line":8,"column":24},"end":{"line":13,"column":1}}]},"2":{"type":"branch","line":15,"loc":{"start":{"line":15,"column":27},"end":{"line":22,"column":1}},"locations":[{"start":{"line":15,"column":27},"end":{"line":22,"column":1}}]},"3":{"type":"branch","line":24,"loc":{"start":{"line":24,"column":19},"end":{"line":29,"column":1}},"locations":[{"start":{"line":24,"column":19},"end":{"line":29,"column":1}}]},"4":{"type":"branch","line":31,"loc":{"start":{"line":31,"column":25},"end":{"line":38,"column":1}},"locations":[{"start":{"line":31,"column":25},"end":{"line":38,"column":1}}]},"5":{"type":"branch","line":35,"loc":{"start":{"line":35,"column":33},"end":{"line":35,"column":49}},"locations":[{"start":{"line":35,"column":33},"end":{"line":35,"column":49}}]}},"b":{"0":[10],"1":[2],"2":[3],"3":[3],"4":[3],"5":[0]},"fnMap":{"0":{"name":"badRequest","decl":{"start":{"line":1,"column":27},"end":{"line":6,"column":1}},"loc":{"start":{"line":1,"column":27},"end":{"line":6,"column":1}},"line":1},"1":{"name":"created","decl":{"start":{"line":8,"column":24},"end":{"line":13,"column":1}},"loc":{"start":{"line":8,"column":24},"end":{"line":13,"column":1}},"line":8},"2":{"name":"serverError","decl":{"start":{"line":15,"column":27},"end":{"line":22,"column":1}},"loc":{"start":{"line":15,"column":27},"end":{"line":22,"column":1}},"line":15},"3":{"name":"ok","decl":{"start":{"line":24,"column":19},"end":{"line":29,"column":1}},"loc":{"start":{"line":24,"column":19},"end":{"line":29,"column":1}},"line":24},"4":{"name":"notFound","decl":{"start":{"line":31,"column":25},"end":{"line":38,"column":1}},"loc":{"start":{"line":31,"column":25},"end":{"line":38,"column":1}},"line":31}},"f":{"0":10,"1":2,"2":3,"3":3,"4":3}}
,"/home/andredeomondes/Dev/fsc-estudos/projects/finance-app-api/src/controllers/helpers/index.js": {"path":"/home/andredeomondes/Dev/fsc-estudos/projects/finance-app-api/src/controllers/helpers/index.js","all":false,"statementMap":{"0":{"start":{"line":1,"column":0},"end":{"line":1,"column":25}},"1":{"start":{"line":2,"column":0},"end":{"line":2,"column":25}},"2":{"start":{"line":3,"column":0},"end":{"line":3,"column":31}},"3":{"start":{"line":4,"column":0},"end":{"line":4,"column":32}}},"s":{"0":15,"1":3,"2":14,"3":0},"branchMap":{"0":{"type":"branch","line":1,"loc":{"start":{"line":1,"column":0},"end":{"line":1,"column":25}},"locations":[{"start":{"line":1,"column":0},"end":{"line":1,"column":25}}]},"1":{"type":"branch","line":1,"loc":{"start":{"line":1,"column":0},"end":{"line":1,"column":25}},"locations":[{"start":{"line":1,"column":0},"end":{"line":1,"column":25}}]},"2":{"type":"branch","line":1,"loc":{"start":{"line":1,"column":0},"end":{"line":1,"column":25}},"locations":[{"start":{"line":1,"column":0},"end":{"line":1,"column":25}}]},"3":{"type":"branch","line":1,"loc":{"start":{"line":1,"column":0},"end":{"line":1,"column":25}},"locations":[{"start":{"line":1,"column":0},"end":{"line":1,"column":25}}]},"4":{"type":"branch","line":1,"loc":{"start":{"line":1,"column":0},"end":{"line":1,"column":25}},"locations":[{"start":{"line":1,"column":0},"end":{"line":1,"column":25}}]},"5":{"type":"branch","line":2,"loc":{"start":{"line":2,"column":0},"end":{"line":2,"column":25}},"locations":[{"start":{"line":2,"column":0},"end":{"line":2,"column":25}}]},"6":{"type":"branch","line":2,"loc":{"start":{"line":2,"column":0},"end":{"line":2,"column":25}},"locations":[{"start":{"line":2,"column":0},"end":{"line":2,"column":25}}]},"7":{"type":"branch","line":2,"loc":{"start":{"line":2,"column":0},"end":{"line":2,"column":25}},"locations":[{"start":{"line":2,"column":0},"end":{"line":2,"column":25}}]},"8":{"type":"branch","line":2,"loc":{"start":{"line":2,"column":0},"end":{"line":2,"column":25}},"locations":[{"start":{"line":2,"column":0},"end":{"line":2,"column":25}}]},"9":{"type":"branch","line":2,"loc":{"start":{"line":2,"column":0},"end":{"line":2,"column":25}},"locations":[{"start":{"line":2,"column":0},"end":{"line":2,"column":25}}]},"10":{"type":"branch","line":3,"loc":{"start":{"line":3,"column":0},"end":{"line":3,"column":31}},"locations":[{"start":{"line":3,"column":0},"end":{"line":3,"column":31}}]},"11":{"type":"branch","line":3,"loc":{"start":{"line":3,"column":0},"end":{"line":3,"column":31}},"locations":[{"start":{"line":3,"column":0},"end":{"line":3,"column":31}}]},"12":{"type":"branch","line":3,"loc":{"start":{"line":3,"column":0},"end":{"line":3,"column":31}},"locations":[{"start":{"line":3,"column":0},"end":{"line":3,"column":31}}]},"13":{"type":"branch","line":3,"loc":{"start":{"line":3,"column":0},"end":{"line":3,"column":31}},"locations":[{"start":{"line":3,"column":0},"end":{"line":3,"column":31}}]},"14":{"type":"branch","line":3,"loc":{"start":{"line":3,"column":0},"end":{"line":3,"column":31}},"locations":[{"start":{"line":3,"column":0},"end":{"line":3,"column":31}}]},"15":{"type":"branch","line":4,"loc":{"start":{"line":4,"column":0},"end":{"line":4,"column":32}},"locations":[{"start":{"line":4,"column":0},"end":{"line":4,"column":32}}]},"16":{"type":"branch","line":4,"loc":{"start":{"line":4,"column":0},"end":{"line":4,"column":32}},"locations":[{"start":{"line":4,"column":0},"end":{"line":4,"column":32}}]},"17":{"type":"branch","line":4,"loc":{"start":{"line":4,"column":0},"end":{"line":4,"column":32}},"locations":[{"start":{"line":4,"column":0},"end":{"line":4,"column":32}}]},"18":{"type":"branch","line":4,"loc":{"start":{"line":4,"column":0},"end":{"line":4,"column":32}},"locations":[{"start":{"line":4,"column":0},"end":{"line":4,"column":32}}]}},"b":{"0":[20],"1":[0],"2":[0],"3":[0],"4":[15],"5":[32],"6":[0],"7":[0],"8":[0],"9":[3],"10":[24],"11":[0],"12":[0],"13":[0],"14":[14],"15":[20],"16":[0],"17":[0],"18":[0]},"fnMap":{"0":{"name":"get","decl":{"start":{"line":1,"column":0},"end":{"line":1,"column":25}},"loc":{"start":{"line":1,"column":0},"end":{"line":1,"column":25}},"line":1},"1":{"name":"get","decl":{"start":{"line":2,"column":0},"end":{"line":2,"column":25}},"loc":{"start":{"line":2,"column":0},"end":{"line":2,"column":25}},"line":2},"2":{"name":"get","decl":{"start":{"line":3,"column":0},"end":{"line":3,"column":31}},"loc":{"start":{"line":3,"column":0},"end":{"line":3,"column":31}},"line":3},"3":{"name":"get","decl":{"start":{"line":4,"column":0},"end":{"line":4,"column":32}},"loc":{"start":{"line":4,"column":0},"end":{"line":4,"column":32}},"line":4}},"f":{"0":15,"1":3,"2":14,"3":0}}
,"/home/andredeomondes/Dev/fsc-estudos/projects/finance-app-api/src/controllers/helpers/transaction.js": {"path":"/home/andredeomondes/Dev/fsc-estudos/projects/finance-app-api/src/controllers/helpers/transaction.js","all":false,"statementMap":{"0":{"start":{"line":1,"column":0},"end":{"line":1,"column":33}},"1":{"start":{"line":2,"column":0},"end":{"line":2,"column":48}},"2":{"start":{"line":3,"column":0},"end":{"line":3,"column":0}},"3":{"start":{"line":4,"column":0},"end":{"line":4,"column":49}},"4":{"start":{"line":5,"column":0},"end":{"line":5,"column":37}},"5":{"start":{"line":6,"column":0},"end":{"line":6,"column":20}},"6":{"start":{"line":7,"column":0},"end":{"line":7,"column":5}},"7":{"start":{"line":8,"column":0},"end":{"line":8,"column":0}},"8":{"start":{"line":9,"column":0},"end":{"line":9,"column":52}},"9":{"start":{"line":10,"column":0},"end":{"line":10,"column":34}},"10":{"start":{"line":11,"column":0},"end":{"line":11,"column":31}},"11":{"start":{"line":12,"column":0},"end":{"line":12,"column":31}},"12":{"start":{"line":13,"column":0},"end":{"line":13,"column":6}},"13":{"start":{"line":14,"column":0},"end":{"line":14,"column":1}},"14":{"start":{"line":15,"column":0},"end":{"line":15,"column":0}},"15":{"start":{"line":16,"column":0},"end":{"line":16,"column":45}},"16":{"start":{"line":17,"column":0},"end":{"line":17,"column":62}},"17":{"start":{"line":18,"column":0},"end":{"line":18,"column":1}},"18":{"start":{"line":19,"column":0},"end":{"line":19,"column":0}},"19":{"start":{"line":20,"column":0},"end":{"line":20,"column":44}},"20":{"start":{"line":21,"column":0},"end":{"line":21,"column":23}},"21":{"start":{"line":22,"column":0},"end":{"line":22,"column":58}},"22":{"start":{"line":23,"column":0},"end":{"line":23,"column":6}},"23":{"start":{"line":24,"column":0},"end":{"line":24,"column":1}},"24":{"start":{"line":25,"column":0},"end":{"line":25,"column":0}},"25":{"start":{"line":26,"column":0},"end":{"line":26,"column":42}},"26":{"start":{"line":27,"column":0},"end":{"line":27,"column":23}},"27":{"start":{"line":28,"column":0},"end":{"line":28,"column":16}},"28":{"start":{"line":29,"column":0},"end":{"line":29,"column":78}},"29":{"start":{"line":30,"column":0},"end":{"line":30,"column":6}},"30":{"start":{"line":31,"column":0},"end":{"line":31,"column":1}},"31":{"start":{"line":32,"column":0},"end":{"line":32,"column":0}},"32":{"start":{"line":33,"column":0},"end":{"line":33,"column":50}},"33":{"start":{"line":34,"column":0},"end":{"line":34,"column":57}},"34":{"start":{"line":35,"column":0},"end":{"line":35,"column":1}}},"s":{"0":1,"1":1,"2":1,"3":1,"4":0,"5":0,"6":0,"7":0,"8":0,"9":0,"10":0,"11":0,"12":0,"13":0,"14":1,"15":1,"16":0,"17":0,"18":1,"19":1,"20":0,"21":0,"22":0,"23":0,"24":1,"25":1,"26":0,"27":0,"28":0,"29":0,"30":0,"31":1,"32":1,"33":0,"34":0},"branchMap":{},"b":{},"fnMap":{"0":{"name":"checkIfAmountIsValid","decl":{"start":{"line":4,"column":37},"end":{"line":14,"column":1}},"loc":{"start":{"line":4,"column":37},"end":{"line":14,"column":1}},"line":4},"1":{"name":"checkIfTypeIsValid","decl":{"start":{"line":16,"column":35},"end":{"line":18,"column":1}},"loc":{"start":{"line":16,"column":35},"end":{"line":18,"column":1}},"line":16},"2":{"name":"invalidAmountResponse","decl":{"start":{"line":20,"column":37},"end":{"line":24,"column":1}},"loc":{"start":{"line":20,"column":37},"end":{"line":24,"column":1}},"line":20},"3":{"name":"invalidTypeResponse","decl":{"start":{"line":26,"column":35},"end":{"line":31,"column":1}},"loc":{"start":{"line":26,"column":35},"end":{"line":31,"column":1}},"line":26},"4":{"name":"transactionNotFoundResponse","decl":{"start":{"line":33,"column":43},"end":{"line":35,"column":1}},"loc":{"start":{"line":33,"column":43},"end":{"line":35,"column":1}},"line":33}},"f":{"0":0,"1":0,"2":0,"3":0,"4":0}}
,"/home/andredeomondes/Dev/fsc-estudos/projects/finance-app-api/src/controllers/helpers/user.js": {"path":"/home/andredeomondes/Dev/fsc-estudos/projects/finance-app-api/src/controllers/helpers/user.js","all":false,"statementMap":{"0":{"start":{"line":1,"column":0},"end":{"line":1,"column":48}},"1":{"start":{"line":2,"column":0},"end":{"line":2,"column":0}},"2":{"start":{"line":3,"column":0},"end":{"line":3,"column":52}},"3":{"start":{"line":4,"column":0},"end":{"line":4,"column":16}},"4":{"start":{"line":5,"column":0},"end":{"line":5,"column":68}},"5":{"start":{"line":6,"column":0},"end":{"line":6,"column":6}},"6":{"start":{"line":7,"column":0},"end":{"line":7,"column":0}},"7":{"start":{"line":8,"column":0},"end":{"line":8,"column":49}},"8":{"start":{"line":9,"column":0},"end":{"line":9,"column":16}},"9":{"start":{"line":10,"column":0},"end":{"line":10,"column":52}},"10":{"start":{"line":11,"column":0},"end":{"line":11,"column":6}},"11":{"start":{"line":12,"column":0},"end":{"line":12,"column":0}},"12":{"start":{"line":13,"column":0},"end":{"line":13,"column":54}},"13":{"start":{"line":14,"column":0},"end":{"line":14,"column":16}},"14":{"start":{"line":15,"column":0},"end":{"line":15,"column":57}},"15":{"start":{"line":16,"column":0},"end":{"line":16,"column":6}},"16":{"start":{"line":17,"column":0},"end":{"line":17,"column":0}},"17":{"start":{"line":18,"column":0},"end":{"line":18,"column":55}},"18":{"start":{"line":19,"column":0},"end":{"line":19,"column":23}},"19":{"start":{"line":20,"column":0},"end":{"line":20,"column":49}},"20":{"start":{"line":21,"column":0},"end":{"line":21,"column":6}},"21":{"start":{"line":22,"column":0},"end":{"line":22,"column":1}},"22":{"start":{"line":23,"column":0},"end":{"line":23,"column":0}},"23":{"start":{"line":24,"column":0},"end":{"line":24,"column":57}},"24":{"start":{"line":25,"column":0},"end":{"line":25,"column":16}},"25":{"start":{"line":26,"column":0},"end":{"line":26,"column":71}},"26":{"start":{"line":27,"column":0},"end":{"line":27,"column":6}},"27":{"start":{"line":28,"column":0},"end":{"line":28,"column":0}},"28":{"start":{"line":29,"column":0},"end":{"line":29,"column":57}},"29":{"start":{"line":30,"column":0},"end":{"line":30,"column":16}},"30":{"start":{"line":31,"column":0},"end":{"line":31,"column":73}},"31":{"start":{"line":32,"column":0},"end":{"line":32,"column":6}},"32":{"start":{"line":33,"column":0},"end":{"line":33,"column":0}},"33":{"start":{"line":34,"column":0},"end":{"line":34,"column":72}},"34":{"start":{"line":35,"column":0},"end":{"line":35,"column":0}},"35":{"start":{"line":36,"column":0},"end":{"line":36,"column":41}},"36":{"start":{"line":37,"column":0},"end":{"line":37,"column":14}},"37":{"start":{"line":38,"column":0},"end":{"line":38,"column":35}},"38":{"start":{"line":39,"column":0},"end":{"line":39,"column":6}}},"s":{"0":1,"1":1,"2":1,"3":0,"4":0,"5":0,"6":1,"7":1,"8":0,"9":0,"10":0,"11":1,"12":1,"13":0,"14":0,"15":0,"16":1,"17":1,"18":0,"19":0,"20":0,"21":0,"22":1,"23":1,"24":0,"25":0,"26":0,"27":1,"28":1,"29":0,"30":0,"31":0,"32":1,"33":1,"34":1,"35":1,"36":3,"37":3,"38":3},"branchMap":{"0":{"type":"branch","line":36,"loc":{"start":{"line":36,"column":36},"end":{"line":39,"column":6}},"locations":[{"start":{"line":36,"column":36},"end":{"line":39,"column":6}}]}},"b":{"0":[3]},"fnMap":{"0":{"name":"generateInvalidPasswordResponse","decl":{"start":{"line":3,"column":47},"end":{"line":6,"column":6}},"loc":{"start":{"line":3,"column":47},"end":{"line":6,"column":6}},"line":3},"1":{"name":"generateInvalidEmailResponse","decl":{"start":{"line":8,"column":44},"end":{"line":11,"column":6}},"loc":{"start":{"line":8,"column":44},"end":{"line":11,"column":6}},"line":8},"2":{"name":"generateEmailAlreadyInUseResponse","decl":{"start":{"line":13,"column":49},"end":{"line":16,"column":6}},"loc":{"start":{"line":13,"column":49},"end":{"line":16,"column":6}},"line":13},"3":{"name":"generateNoFieldsToUpdateResponse","decl":{"start":{"line":18,"column":48},"end":{"line":22,"column":1}},"loc":{"start":{"line":18,"column":48},"end":{"line":22,"column":1}},"line":18},"4":{"name":"generateSomeFieldsNotAllowedResponse","decl":{"start":{"line":24,"column":52},"end":{"line":27,"column":6}},"loc":{"start":{"line":24,"column":52},"end":{"line":27,"column":6}},"line":24},"5":{"name":"generateFieldIsRequiredResponse","decl":{"start":{"line":29,"column":48},"end":{"line":32,"column":6}},"loc":{"start":{"line":29,"column":48},"end":{"line":32,"column":6}},"line":29},"6":{"name":"checkIfPasswordIsValid","decl":{"start":{"line":34,"column":39},"end":{"line":34,"column":72}},"loc":{"start":{"line":34,"column":39},"end":{"line":34,"column":72}},"line":34},"7":{"name":"userNotFoundResponse","decl":{"start":{"line":36,"column":36},"end":{"line":39,"column":6}},"loc":{"start":{"line":36,"column":36},"end":{"line":39,"column":6}},"line":36}},"f":{"0":0,"1":0,"2":0,"3":0,"4":0,"5":0,"6":0,"7":3}}
,"/home/andredeomondes/Dev/fsc-estudos/projects/finance-app-api/src/controllers/helpers/validation.js": {"path":"/home/andredeomondes/Dev/fsc-estudos/projects/finance-app-api/src/controllers/helpers/validation.js","all":false,"statementMap":{"0":{"start":{"line":1,"column":0},"end":{"line":1,"column":33}},"1":{"start":{"line":2,"column":0},"end":{"line":2,"column":38}},"2":{"start":{"line":3,"column":0},"end":{"line":3,"column":0}},"3":{"start":{"line":4,"column":0},"end":{"line":4,"column":60}},"4":{"start":{"line":5,"column":0},"end":{"line":5,"column":0}},"5":{"start":{"line":6,"column":0},"end":{"line":6,"column":46}},"6":{"start":{"line":7,"column":0},"end":{"line":7,"column":16}},"7":{"start":{"line":8,"column":0},"end":{"line":8,"column":55}},"8":{"start":{"line":9,"column":0},"end":{"line":9,"column":6}},"9":{"start":{"line":10,"column":0},"end":{"line":10,"column":0}},"10":{"start":{"line":11,"column":0},"end":{"line":11,"column":70}},"11":{"start":{"line":12,"column":0},"end":{"line":12,"column":0}},"12":{"start":{"line":13,"column":0},"end":{"line":13,"column":56}},"13":{"start":{"line":14,"column":0},"end":{"line":14,"column":16}},"14":{"start":{"line":15,"column":0},"end":{"line":15,"column":73}},"15":{"start":{"line":16,"column":0},"end":{"line":16,"column":6}},"16":{"start":{"line":17,"column":0},"end":{"line":17,"column":0}},"17":{"start":{"line":18,"column":0},"end":{"line":18,"column":67}},"18":{"start":{"line":19,"column":0},"end":{"line":19,"column":0}},"19":{"start":{"line":20,"column":0},"end":{"line":20,"column":67}},"20":{"start":{"line":21,"column":0},"end":{"line":21,"column":41}},"21":{"start":{"line":22,"column":0},"end":{"line":22,"column":45}},"22":{"start":{"line":23,"column":0},"end":{"line":23,"column":0}},"23":{"start":{"line":24,"column":0},"end":{"line":24,"column":28}},"24":{"start":{"line":25,"column":0},"end":{"line":25,"column":45}},"25":{"start":{"line":26,"column":0},"end":{"line":26,"column":46}},"26":{"start":{"line":27,"column":0},"end":{"line":27,"column":41}},"27":{"start":{"line":28,"column":0},"end":{"line":28,"column":14}},"28":{"start":{"line":29,"column":0},"end":{"line":29,"column":0}},"29":{"start":{"line":30,"column":0},"end":{"line":30,"column":45}},"30":{"start":{"line":31,"column":0},"end":{"line":31,"column":20}},"31":{"start":{"line":32,"column":0},"end":{"line":32,"column":36}},"32":{"start":{"line":33,"column":0},"end":{"line":33,"column":26}},"33":{"start":{"line":34,"column":0},"end":{"line":34,"column":13}},"34":{"start":{"line":35,"column":0},"end":{"line":35,"column":9}},"35":{"start":{"line":36,"column":0},"end":{"line":36,"column":5}},"36":{"start":{"line":37,"column":0},"end":{"line":37,"column":12}},"37":{"start":{"line":38,"column":0},"end":{"line":38,"column":17}},"38":{"start":{"line":39,"column":0},"end":{"line":39,"column":32}},"39":{"start":{"line":40,"column":0},"end":{"line":40,"column":5}},"40":{"start":{"line":41,"column":0},"end":{"line":41,"column":1}}},"s":{"0":1,"1":1,"2":1,"3":1,"4":1,"5":1,"6":3,"7":3,"8":3,"9":1,"10":1,"11":1,"12":1,"13":0,"14":0,"15":0,"16":1,"17":1,"18":1,"19":1,"20":0,"21":0,"22":0,"23":0,"24":0,"25":0,"26":0,"27":0,"28":0,"29":0,"30":0,"31":0,"32":0,"33":0,"34":0,"35":0,"36":0,"37":0,"38":0,"39":0,"40":0},"branchMap":{"0":{"type":"branch","line":4,"loc":{"start":{"line":4,"column":33},"end":{"line":4,"column":60}},"locations":[{"start":{"line":4,"column":33},"end":{"line":4,"column":60}}]},"1":{"type":"branch","line":6,"loc":{"start":{"line":6,"column":41},"end":{"line":9,"column":6}},"locations":[{"start":{"line":6,"column":41},"end":{"line":9,"column":6}}]}},"b":{"0":[11],"1":[3]},"fnMap":{"0":{"name":"checkIfIdIsValid","decl":{"start":{"line":4,"column":33},"end":{"line":4,"column":60}},"loc":{"start":{"line":4,"column":33},"end":{"line":4,"column":60}},"line":4},"1":{"name":"generateInvalidIdResponse","decl":{"start":{"line":6,"column":41},"end":{"line":9,"column":6}},"loc":{"start":{"line":6,"column":41},"end":{"line":9,"column":6}},"line":6},"2":{"name":"checkIfEmailIsValid","decl":{"start":{"line":11,"column":36},"end":{"line":11,"column":70}},"loc":{"start":{"line":11,"column":36},"end":{"line":11,"column":70}},"line":11},"3":{"name":"requiredFieldIsMissingResponse","decl":{"start":{"line":13,"column":47},"end":{"line":16,"column":6}},"loc":{"start":{"line":13,"column":47},"end":{"line":16,"column":6}},"line":13},"4":{"name":"checkIfIsString","decl":{"start":{"line":18,"column":32},"end":{"line":18,"column":67}},"loc":{"start":{"line":18,"column":32},"end":{"line":18,"column":67}},"line":18},"5":{"name":"validateRequiredFields","decl":{"start":{"line":20,"column":38},"end":{"line":41,"column":1}},"loc":{"start":{"line":20,"column":38},"end":{"line":41,"column":1}},"line":20}},"f":{"0":11,"1":3,"2":0,"3":0,"4":0,"5":0}}
,"/home/andredeomondes/Dev/fsc-estudos/projects/finance-app-api/src/controllers/user/create-user.js": {"path":"/home/andredeomondes/Dev/fsc-estudos/projects/finance-app-api/src/controllers/user/create-user.js","all":false,"statementMap":{"0":{"start":{"line":1,"column":0},"end":{"line":1,"column":61}},"1":{"start":{"line":2,"column":0},"end":{"line":2,"column":70}},"2":{"start":{"line":3,"column":0},"end":{"line":3,"column":30}},"3":{"start":{"line":4,"column":0},"end":{"line":4,"column":66}},"4":{"start":{"line":5,"column":0},"end":{"line":5,"column":0}},"5":{"start":{"line":6,"column":0},"end":{"line":6,"column":35}},"6":{"start":{"line":7,"column":0},"end":{"line":7,"column":36}},"7":{"start":{"line":8,"column":0},"end":{"line":8,"column":50}},"8":{"start":{"line":9,"column":0},"end":{"line":9,"column":5}},"9":{"start":{"line":10,"column":0},"end":{"line":10,"column":0}},"10":{"start":{"line":11,"column":0},"end":{"line":11,"column":32}},"11":{"start":{"line":12,"column":0},"end":{"line":12,"column":13}},"12":{"start":{"line":13,"column":0},"end":{"line":13,"column":43}},"13":{"start":{"line":14,"column":0},"end":{"line":14,"column":0}},"14":{"start":{"line":15,"column":0},"end":{"line":15,"column":62}},"15":{"start":{"line":16,"column":0},"end":{"line":16,"column":0}},"16":{"start":{"line":17,"column":0},"end":{"line":17,"column":76}},"17":{"start":{"line":18,"column":0},"end":{"line":18,"column":0}},"18":{"start":{"line":19,"column":0},"end":{"line":19,"column":39}},"19":{"start":{"line":20,"column":0},"end":{"line":20,"column":25}},"20":{"start":{"line":21,"column":0},"end":{"line":21,"column":44}},"21":{"start":{"line":22,"column":0},"end":{"line":22,"column":35}},"22":{"start":{"line":23,"column":0},"end":{"line":23,"column":53}},"23":{"start":{"line":24,"column":0},"end":{"line":24,"column":18}},"24":{"start":{"line":25,"column":0},"end":{"line":25,"column":13}},"25":{"start":{"line":26,"column":0},"end":{"line":26,"column":0}},"26":{"start":{"line":27,"column":0},"end":{"line":27,"column":58}},"27":{"start":{"line":28,"column":0},"end":{"line":28,"column":35}},"28":{"start":{"line":29,"column":0},"end":{"line":29,"column":43}},"29":{"start":{"line":30,"column":0},"end":{"line":30,"column":18}},"30":{"start":{"line":31,"column":0},"end":{"line":31,"column":13}},"31":{"start":{"line":32,"column":0},"end":{"line":32,"column":0}},"32":{"start":{"line":33,"column":0},"end":{"line":33,"column":30}},"33":{"start":{"line":34,"column":0},"end":{"line":34,"column":32}},"34":{"start":{"line":35,"column":0},"end":{"line":35,"column":9}},"35":{"start":{"line":36,"column":0},"end":{"line":36,"column":5}},"36":{"start":{"line":37,"column":0},"end":{"line":37,"column":1}}},"s":{"0":1,"1":1,"2":1,"3":1,"4":1,"5":1,"6":1,"7":10,"8":10,"9":1,"10":1,"11":10,"12":10,"13":10,"14":10,"15":4,"16":4,"17":2,"18":2,"19":10,"20":8,"21":6,"22":6,"23":6,"24":6,"25":2,"26":8,"27":1,"28":1,"29":1,"30":1,"31":1,"32":1,"33":1,"34":1,"35":10,"36":1},"branchMap":{"0":{"type":"branch","line":7,"loc":{"start":{"line":7,"column":4},"end":{"line":9,"column":5}},"locations":[{"start":{"line":7,"column":4},"end":{"line":9,"column":5}}]},"1":{"type":"branch","line":11,"loc":{"start":{"line":11,"column":4},"end":{"line":36,"column":5}},"locations":[{"start":{"line":11,"column":4},"end":{"line":36,"column":5}}]},"2":{"type":"branch","line":16,"loc":{"start":{"line":16,"column":-1},"end":{"line":17,"column":76}},"locations":[{"start":{"line":16,"column":-1},"end":{"line":17,"column":76}}]},"3":{"type":"branch","line":18,"loc":{"start":{"line":18,"column":-1},"end":{"line":20,"column":10}},"locations":[{"start":{"line":18,"column":-1},"end":{"line":20,"column":10}}]},"4":{"type":"branch","line":20,"loc":{"start":{"line":20,"column":10},"end":{"line":35,"column":9}},"locations":[{"start":{"line":20,"column":10},"end":{"line":35,"column":9}}]},"5":{"type":"branch","line":21,"loc":{"start":{"line":21,"column":43},"end":{"line":25,"column":13}},"locations":[{"start":{"line":21,"column":43},"end":{"line":25,"column":13}}]},"6":{"type":"branch","line":25,"loc":{"start":{"line":25,"column":12},"end":{"line":27,"column":57}},"locations":[{"start":{"line":25,"column":12},"end":{"line":27,"column":57}}]},"7":{"type":"branch","line":27,"loc":{"start":{"line":27,"column":57},"end":{"line":35,"column":9}},"locations":[{"start":{"line":27,"column":57},"end":{"line":35,"column":9}}]}},"b":{"0":[10],"1":[10],"2":[4],"3":[2],"4":[8],"5":[6],"6":[2],"7":[1]},"fnMap":{"0":{"name":"CreateUserController","decl":{"start":{"line":7,"column":4},"end":{"line":9,"column":5}},"loc":{"start":{"line":7,"column":4},"end":{"line":9,"column":5}},"line":7},"1":{"name":"execute","decl":{"start":{"line":11,"column":4},"end":{"line":36,"column":5}},"loc":{"start":{"line":11,"column":4},"end":{"line":36,"column":5}},"line":11}},"f":{"0":10,"1":10}}
,"/home/andredeomondes/Dev/fsc-estudos/projects/finance-app-api/src/controllers/user/delete-user.js": {"path":"/home/andredeomondes/Dev/fsc-estudos/projects/finance-app-api/src/controllers/user/delete-user.js","all":false,"statementMap":{"0":{"start":{"line":1,"column":0},"end":{"line":1,"column":8}},"1":{"start":{"line":2,"column":0},"end":{"line":2,"column":21}},"2":{"start":{"line":3,"column":0},"end":{"line":3,"column":30}},"3":{"start":{"line":4,"column":0},"end":{"line":4,"column":16}},"4":{"start":{"line":5,"column":0},"end":{"line":5,"column":25}},"5":{"start":{"line":6,"column":0},"end":{"line":6,"column":7}},"6":{"start":{"line":7,"column":0},"end":{"line":7,"column":28}},"7":{"start":{"line":8,"column":0},"end":{"line":8,"column":0}},"8":{"start":{"line":9,"column":0},"end":{"line":9,"column":35}},"9":{"start":{"line":10,"column":0},"end":{"line":10,"column":36}},"10":{"start":{"line":11,"column":0},"end":{"line":11,"column":50}},"11":{"start":{"line":12,"column":0},"end":{"line":12,"column":5}},"12":{"start":{"line":13,"column":0},"end":{"line":13,"column":32}},"13":{"start":{"line":14,"column":0},"end":{"line":14,"column":13}},"14":{"start":{"line":15,"column":0},"end":{"line":15,"column":52}},"15":{"start":{"line":16,"column":0},"end":{"line":16,"column":0}},"16":{"start":{"line":17,"column":0},"end":{"line":17,"column":54}},"17":{"start":{"line":18,"column":0},"end":{"line":18,"column":0}},"18":{"start":{"line":19,"column":0},"end":{"line":19,"column":29}},"19":{"start":{"line":20,"column":0},"end":{"line":20,"column":50}},"20":{"start":{"line":21,"column":0},"end":{"line":21,"column":13}},"21":{"start":{"line":22,"column":0},"end":{"line":22,"column":0}},"22":{"start":{"line":23,"column":0},"end":{"line":23,"column":76}},"23":{"start":{"line":24,"column":0},"end":{"line":24,"column":0}},"24":{"start":{"line":25,"column":0},"end":{"line":25,"column":59}},"25":{"start":{"line":26,"column":0},"end":{"line":26,"column":45}},"26":{"start":{"line":27,"column":0},"end":{"line":27,"column":13}},"27":{"start":{"line":28,"column":0},"end":{"line":28,"column":0}},"28":{"start":{"line":29,"column":0},"end":{"line":29,"column":34}},"29":{"start":{"line":30,"column":0},"end":{"line":30,"column":25}},"30":{"start":{"line":31,"column":0},"end":{"line":31,"column":32}},"31":{"start":{"line":32,"column":0},"end":{"line":32,"column":0}},"32":{"start":{"line":33,"column":0},"end":{"line":33,"column":32}},"33":{"start":{"line":34,"column":0},"end":{"line":34,"column":9}},"34":{"start":{"line":35,"column":0},"end":{"line":35,"column":5}},"35":{"start":{"line":36,"column":0},"end":{"line":36,"column":1}}},"s":{"0":1,"1":1,"2":1,"3":1,"4":1,"5":1,"6":1,"7":1,"8":1,"9":1,"10":4,"11":4,"12":1,"13":4,"14":4,"15":4,"16":4,"17":4,"18":4,"19":1,"20":1,"21":3,"22":3,"23":2,"24":4,"25":1,"26":1,"27":1,"28":1,"29":1,"30":1,"31":1,"32":1,"33":1,"34":4,"35":1},"branchMap":{"0":{"type":"branch","line":10,"loc":{"start":{"line":10,"column":4},"end":{"line":12,"column":5}},"locations":[{"start":{"line":10,"column":4},"end":{"line":12,"column":5}}]},"1":{"type":"branch","line":13,"loc":{"start":{"line":13,"column":4},"end":{"line":35,"column":5}},"locations":[{"start":{"line":13,"column":4},"end":{"line":35,"column":5}}]},"2":{"type":"branch","line":19,"loc":{"start":{"line":19,"column":28},"end":{"line":21,"column":13}},"locations":[{"start":{"line":19,"column":28},"end":{"line":21,"column":13}}]},"3":{"type":"branch","line":21,"loc":{"start":{"line":21,"column":12},"end":{"line":23,"column":76}},"locations":[{"start":{"line":21,"column":12},"end":{"line":23,"column":76}}]},"4":{"type":"branch","line":24,"loc":{"start":{"line":24,"column":-1},"end":{"line":25,"column":32}},"locations":[{"start":{"line":24,"column":-1},"end":{"line":25,"column":32}}]},"5":{"type":"branch","line":25,"loc":{"start":{"line":25,"column":28},"end":{"line":25,"column":56}},"locations":[{"start":{"line":25,"column":28},"end":{"line":25,"column":56}}]},"6":{"type":"branch","line":25,"loc":{"start":{"line":25,"column":58},"end":{"line":34,"column":9}},"locations":[{"start":{"line":25,"column":58},"end":{"line":34,"column":9}}]}},"b":{"0":[4],"1":[4],"2":[1],"3":[3],"4":[2],"5":[1],"6":[1]},"fnMap":{"0":{"name":"DeleteUserController","decl":{"start":{"line":10,"column":4},"end":{"line":12,"column":5}},"loc":{"start":{"line":10,"column":4},"end":{"line":12,"column":5}},"line":10},"1":{"name":"execute","decl":{"start":{"line":13,"column":4},"end":{"line":35,"column":5}},"loc":{"start":{"line":13,"column":4},"end":{"line":35,"column":5}},"line":13}},"f":{"0":4,"1":4}}
,"/home/andredeomondes/Dev/fsc-estudos/projects/finance-app-api/src/controllers/user/get-user-balance.js": {"path":"/home/andredeomondes/Dev/fsc-estudos/projects/finance-app-api/src/controllers/user/get-user-balance.js","all":false,"statementMap":{"0":{"start":{"line":1,"column":0},"end":{"line":1,"column":8}},"1":{"start":{"line":2,"column":0},"end":{"line":2,"column":16}},"2":{"start":{"line":3,"column":0},"end":{"line":3,"column":25}},"3":{"start":{"line":4,"column":0},"end":{"line":4,"column":7}},"4":{"start":{"line":5,"column":0},"end":{"line":5,"column":21}},"5":{"start":{"line":6,"column":0},"end":{"line":6,"column":30}},"6":{"start":{"line":7,"column":0},"end":{"line":7,"column":28}},"7":{"start":{"line":8,"column":0},"end":{"line":8,"column":0}},"8":{"start":{"line":9,"column":0},"end":{"line":9,"column":56}},"9":{"start":{"line":10,"column":0},"end":{"line":10,"column":0}},"10":{"start":{"line":11,"column":0},"end":{"line":11,"column":39}},"11":{"start":{"line":12,"column":0},"end":{"line":12,"column":40}},"12":{"start":{"line":13,"column":0},"end":{"line":13,"column":58}},"13":{"start":{"line":14,"column":0},"end":{"line":14,"column":5}},"14":{"start":{"line":15,"column":0},"end":{"line":15,"column":0}},"15":{"start":{"line":16,"column":0},"end":{"line":16,"column":32}},"16":{"start":{"line":17,"column":0},"end":{"line":17,"column":13}},"17":{"start":{"line":18,"column":0},"end":{"line":18,"column":52}},"18":{"start":{"line":19,"column":0},"end":{"line":19,"column":0}},"19":{"start":{"line":20,"column":0},"end":{"line":20,"column":54}},"20":{"start":{"line":21,"column":0},"end":{"line":21,"column":0}},"21":{"start":{"line":22,"column":0},"end":{"line":22,"column":29}},"22":{"start":{"line":23,"column":0},"end":{"line":23,"column":50}},"23":{"start":{"line":24,"column":0},"end":{"line":24,"column":13}},"24":{"start":{"line":25,"column":0},"end":{"line":25,"column":0}},"25":{"start":{"line":26,"column":0},"end":{"line":26,"column":80}},"26":{"start":{"line":27,"column":0},"end":{"line":27,"column":0}},"27":{"start":{"line":28,"column":0},"end":{"line":28,"column":30}},"28":{"start":{"line":29,"column":0},"end":{"line":29,"column":25}},"29":{"start":{"line":30,"column":0},"end":{"line":30,"column":53}},"30":{"start":{"line":31,"column":0},"end":{"line":31,"column":45}},"31":{"start":{"line":32,"column":0},"end":{"line":32,"column":13}},"32":{"start":{"line":33,"column":0},"end":{"line":33,"column":0}},"33":{"start":{"line":34,"column":0},"end":{"line":34,"column":32}},"34":{"start":{"line":35,"column":0},"end":{"line":35,"column":0}},"35":{"start":{"line":36,"column":0},"end":{"line":36,"column":32}},"36":{"start":{"line":37,"column":0},"end":{"line":37,"column":9}},"37":{"start":{"line":38,"column":0},"end":{"line":38,"column":5}},"38":{"start":{"line":39,"column":0},"end":{"line":39,"column":1}}},"s":{"0":1,"1":1,"2":1,"3":1,"4":1,"5":1,"6":1,"7":1,"8":1,"9":1,"10":1,"11":1,"12":4,"13":4,"14":1,"15":1,"16":4,"17":4,"18":4,"19":4,"20":4,"21":4,"22":1,"23":1,"24":3,"25":3,"26":1,"27":1,"28":4,"29":2,"30":1,"31":1,"32":1,"33":1,"34":1,"35":1,"36":1,"37":4,"38":1},"branchMap":{"0":{"type":"branch","line":12,"loc":{"start":{"line":12,"column":4},"end":{"line":14,"column":5}},"locations":[{"start":{"line":12,"column":4},"end":{"line":14,"column":5}}]},"1":{"type":"branch","line":16,"loc":{"start":{"line":16,"column":4},"end":{"line":38,"column":5}},"locations":[{"start":{"line":16,"column":4},"end":{"line":38,"column":5}}]},"2":{"type":"branch","line":22,"loc":{"start":{"line":22,"column":28},"end":{"line":24,"column":13}},"locations":[{"start":{"line":22,"column":28},"end":{"line":24,"column":13}}]},"3":{"type":"branch","line":24,"loc":{"start":{"line":24,"column":12},"end":{"line":26,"column":80}},"locations":[{"start":{"line":24,"column":12},"end":{"line":26,"column":80}}]},"4":{"type":"branch","line":27,"loc":{"start":{"line":27,"column":-1},"end":{"line":29,"column":10}},"locations":[{"start":{"line":27,"column":-1},"end":{"line":29,"column":10}}]},"5":{"type":"branch","line":29,"loc":{"start":{"line":29,"column":10},"end":{"line":37,"column":9}},"locations":[{"start":{"line":29,"column":10},"end":{"line":37,"column":9}}]},"6":{"type":"branch","line":30,"loc":{"start":{"line":30,"column":52},"end":{"line":37,"column":9}},"locations":[{"start":{"line":30,"column":52},"end":{"line":37,"column":9}}]}},"b":{"0":[4],"1":[4],"2":[1],"3":[3],"4":[1],"5":[2],"6":[1]},"fnMap":{"0":{"name":"GetUserBalanceController","decl":{"start":{"line":12,"column":4},"end":{"line":14,"column":5}},"loc":{"start":{"line":12,"column":4},"end":{"line":14,"column":5}},"line":12},"1":{"name":"execute","decl":{"start":{"line":16,"column":4},"end":{"line":38,"column":5}},"loc":{"start":{"line":16,"column":4},"end":{"line":38,"column":5}},"line":16}},"f":{"0":4,"1":4}}
,"/home/andredeomondes/Dev/fsc-estudos/projects/finance-app-api/src/controllers/user/get-user-by-id.js": {"path":"/home/andredeomondes/Dev/fsc-estudos/projects/finance-app-api/src/controllers/user/get-user-by-id.js","all":false,"statementMap":{"0":{"start":{"line":1,"column":0},"end":{"line":1,"column":8}},"1":{"start":{"line":2,"column":0},"end":{"line":2,"column":25}},"2":{"start":{"line":3,"column":0},"end":{"line":3,"column":16}},"3":{"start":{"line":4,"column":0},"end":{"line":4,"column":7}},"4":{"start":{"line":5,"column":0},"end":{"line":5,"column":30}},"5":{"start":{"line":6,"column":0},"end":{"line":6,"column":21}},"6":{"start":{"line":7,"column":0},"end":{"line":7,"column":28}},"7":{"start":{"line":8,"column":0},"end":{"line":8,"column":0}},"8":{"start":{"line":9,"column":0},"end":{"line":9,"column":36}},"9":{"start":{"line":10,"column":0},"end":{"line":10,"column":37}},"10":{"start":{"line":11,"column":0},"end":{"line":11,"column":52}},"11":{"start":{"line":12,"column":0},"end":{"line":12,"column":5}},"12":{"start":{"line":13,"column":0},"end":{"line":13,"column":0}},"13":{"start":{"line":14,"column":0},"end":{"line":14,"column":32}},"14":{"start":{"line":15,"column":0},"end":{"line":15,"column":13}},"15":{"start":{"line":16,"column":0},"end":{"line":16,"column":73}},"16":{"start":{"line":17,"column":0},"end":{"line":17,"column":0}},"17":{"start":{"line":18,"column":0},"end":{"line":18,"column":29}},"18":{"start":{"line":19,"column":0},"end":{"line":19,"column":50}},"19":{"start":{"line":20,"column":0},"end":{"line":20,"column":13}},"20":{"start":{"line":21,"column":0},"end":{"line":21,"column":0}},"21":{"start":{"line":22,"column":0},"end":{"line":22,"column":63}},"22":{"start":{"line":23,"column":0},"end":{"line":23,"column":42}},"23":{"start":{"line":24,"column":0},"end":{"line":24,"column":13}},"24":{"start":{"line":25,"column":0},"end":{"line":25,"column":0}},"25":{"start":{"line":26,"column":0},"end":{"line":26,"column":24}},"26":{"start":{"line":27,"column":0},"end":{"line":27,"column":45}},"27":{"start":{"line":28,"column":0},"end":{"line":28,"column":13}},"28":{"start":{"line":29,"column":0},"end":{"line":29,"column":0}},"29":{"start":{"line":30,"column":0},"end":{"line":30,"column":27}},"30":{"start":{"line":31,"column":0},"end":{"line":31,"column":25}},"31":{"start":{"line":32,"column":0},"end":{"line":32,"column":32}},"32":{"start":{"line":33,"column":0},"end":{"line":33,"column":32}},"33":{"start":{"line":34,"column":0},"end":{"line":34,"column":9}},"34":{"start":{"line":35,"column":0},"end":{"line":35,"column":5}},"35":{"start":{"line":36,"column":0},"end":{"line":36,"column":1}}},"s":{"0":1,"1":1,"2":1,"3":1,"4":1,"5":1,"6":1,"7":1,"8":1,"9":1,"10":3,"11":3,"12":1,"13":1,"14":3,"15":3,"16":3,"17":3,"18":1,"19":1,"20":2,"21":2,"22":2,"23":2,"24":2,"25":3,"26":1,"27":1,"28":1,"29":1,"30":3,"31":0,"32":0,"33":0,"34":3,"35":1},"branchMap":{"0":{"type":"branch","line":10,"loc":{"start":{"line":10,"column":4},"end":{"line":12,"column":5}},"locations":[{"start":{"line":10,"column":4},"end":{"line":12,"column":5}}]},"1":{"type":"branch","line":14,"loc":{"start":{"line":14,"column":4},"end":{"line":35,"column":5}},"locations":[{"start":{"line":14,"column":4},"end":{"line":35,"column":5}}]},"2":{"type":"branch","line":18,"loc":{"start":{"line":18,"column":28},"end":{"line":20,"column":13}},"locations":[{"start":{"line":18,"column":28},"end":{"line":20,"column":13}}]},"3":{"type":"branch","line":20,"loc":{"start":{"line":20,"column":12},"end":{"line":26,"column":23}},"locations":[{"start":{"line":20,"column":12},"end":{"line":26,"column":23}}]},"4":{"type":"branch","line":26,"loc":{"start":{"line":26,"column":23},"end":{"line":31,"column":10}},"locations":[{"start":{"line":26,"column":23},"end":{"line":31,"column":10}}]},"5":{"type":"branch","line":31,"loc":{"start":{"line":31,"column":10},"end":{"line":34,"column":9}},"locations":[{"start":{"line":31,"column":10},"end":{"line":34,"column":9}}]}},"b":{"0":[3],"1":[3],"2":[1],"3":[2],"4":[1],"5":[0]},"fnMap":{"0":{"name":"GetUserByIdController","decl":{"start":{"line":10,"column":4},"end":{"line":12,"column":5}},"loc":{"start":{"line":10,"column":4},"end":{"line":12,"column":5}},"line":10},"1":{"name":"execute","decl":{"start":{"line":14,"column":4},"end":{"line":35,"column":5}},"loc":{"start":{"line":14,"column":4},"end":{"line":35,"column":5}},"line":14}},"f":{"0":3,"1":3}}
,"/home/andredeomondes/Dev/fsc-estudos/projects/finance-app-api/src/errors/user.js": {"path":"/home/andredeomondes/Dev/fsc-estudos/projects/finance-app-api/src/errors/user.js","all":false,"statementMap":{"0":{"start":{"line":1,"column":0},"end":{"line":1,"column":51}},"1":{"start":{"line":2,"column":0},"end":{"line":2,"column":24}},"2":{"start":{"line":3,"column":0},"end":{"line":3,"column":57}},"3":{"start":{"line":4,"column":0},"end":{"line":4,"column":44}},"4":{"start":{"line":5,"column":0},"end":{"line":5,"column":5}},"5":{"start":{"line":6,"column":0},"end":{"line":6,"column":1}},"6":{"start":{"line":7,"column":0},"end":{"line":7,"column":0}},"7":{"start":{"line":8,"column":0},"end":{"line":8,"column":46}},"8":{"start":{"line":9,"column":0},"end":{"line":9,"column":23}},"9":{"start":{"line":10,"column":0},"end":{"line":10,"column":71}},"10":{"start":{"line":11,"column":0},"end":{"line":11,"column":39}},"11":{"start":{"line":12,"column":0},"end":{"line":12,"column":5}},"12":{"start":{"line":13,"column":0},"end":{"line":13,"column":1}}},"s":{"0":1,"1":1,"2":1,"3":1,"4":1,"5":1,"6":1,"7":1,"8":1,"9":1,"10":1,"11":1,"12":1},"branchMap":{"0":{"type":"branch","line":2,"loc":{"start":{"line":2,"column":4},"end":{"line":5,"column":5}},"locations":[{"start":{"line":2,"column":4},"end":{"line":5,"column":5}}]},"1":{"type":"branch","line":9,"loc":{"start":{"line":9,"column":4},"end":{"line":12,"column":5}},"locations":[{"start":{"line":9,"column":4},"end":{"line":12,"column":5}}]},"2":{"type":"branch","line":10,"loc":{"start":{"line":10,"column":37},"end":{"line":10,"column":44}},"locations":[{"start":{"line":10,"column":37},"end":{"line":10,"column":44}}]}},"b":{"0":[1],"1":[1],"2":[0]},"fnMap":{"0":{"name":"EmailAlreadyInUseError","decl":{"start":{"line":2,"column":4},"end":{"line":5,"column":5}},"loc":{"start":{"line":2,"column":4},"end":{"line":5,"column":5}},"line":2},"1":{"name":"UserNotFoundError","decl":{"start":{"line":9,"column":4},"end":{"line":12,"column":5}},"loc":{"start":{"line":9,"column":4},"end":{"line":12,"column":5}},"line":9}},"f":{"0":1,"1":1}}
,"/home/andredeomondes/Dev/fsc-estudos/projects/finance-app-api/src/schemas/index.js": {"path":"/home/andredeomondes/Dev/fsc-estudos/projects/finance-app-api/src/schemas/index.js","all":false,"statementMap":{"0":{"start":{"line":1,"column":0},"end":{"line":1,"column":25}},"1":{"start":{"line":2,"column":0},"end":{"line":2,"column":32}}},"s":{"0":10,"1":0},"branchMap":{"0":{"type":"branch","line":1,"loc":{"start":{"line":1,"column":0},"end":{"line":1,"column":25}},"locations":[{"start":{"line":1,"column":0},"end":{"line":1,"column":25}}]},"1":{"type":"branch","line":1,"loc":{"start":{"line":1,"column":0},"end":{"line":1,"column":25}},"locations":[{"start":{"line":1,"column":0},"end":{"line":1,"column":25}}]},"2":{"type":"branch","line":1,"loc":{"start":{"line":1,"column":0},"end":{"line":1,"column":25}},"locations":[{"start":{"line":1,"column":0},"end":{"line":1,"column":25}}]},"3":{"type":"branch","line":1,"loc":{"start":{"line":1,"column":0},"end":{"line":1,"column":25}},"locations":[{"start":{"line":1,"column":0},"end":{"line":1,"column":25}}]},"4":{"type":"branch","line":1,"loc":{"start":{"line":1,"column":0},"end":{"line":1,"column":25}},"locations":[{"start":{"line":1,"column":0},"end":{"line":1,"column":25}}]},"5":{"type":"branch","line":2,"loc":{"start":{"line":2,"column":0},"end":{"line":2,"column":32}},"locations":[{"start":{"line":2,"column":0},"end":{"line":2,"column":32}}]},"6":{"type":"branch","line":2,"loc":{"start":{"line":2,"column":0},"end":{"line":2,"column":32}},"locations":[{"start":{"line":2,"column":0},"end":{"line":2,"column":32}}]},"7":{"type":"branch","line":2,"loc":{"start":{"line":2,"column":0},"end":{"line":2,"column":32}},"locations":[{"start":{"line":2,"column":0},"end":{"line":2,"column":32}}]},"8":{"type":"branch","line":2,"loc":{"start":{"line":2,"column":0},"end":{"line":2,"column":32}},"locations":[{"start":{"line":2,"column":0},"end":{"line":2,"column":32}}]}},"b":{"0":[2],"1":[0],"2":[0],"3":[0],"4":[10],"5":[1],"6":[0],"7":[0],"8":[0]},"fnMap":{"0":{"name":"get","decl":{"start":{"line":1,"column":0},"end":{"line":1,"column":25}},"loc":{"start":{"line":1,"column":0},"end":{"line":1,"column":25}},"line":1},"1":{"name":"get","decl":{"start":{"line":2,"column":0},"end":{"line":2,"column":32}},"loc":{"start":{"line":2,"column":0},"end":{"line":2,"column":32}},"line":2}},"f":{"0":10,"1":0}}
,"/home/andredeomondes/Dev/fsc-estudos/projects/finance-app-api/src/schemas/transaction.js": {"path":"/home/andredeomondes/Dev/fsc-estudos/projects/finance-app-api/src/schemas/transaction.js","all":false,"statementMap":{"0":{"start":{"line":1,"column":0},"end":{"line":1,"column":33}},"1":{"start":{"line":2,"column":0},"end":{"line":2,"column":23}},"2":{"start":{"line":3,"column":0},"end":{"line":3,"column":0}},"3":{"start":{"line":4,"column":0},"end":{"line":4,"column":49}},"4":{"start":{"line":5,"column":0},"end":{"line":5,"column":14}},"5":{"start":{"line":6,"column":0},"end":{"line":6,"column":17}},"6":{"start":{"line":7,"column":0},"end":{"line":7,"column":51}},"7":{"start":{"line":8,"column":0},"end":{"line":8,"column":10}},"8":{"start":{"line":9,"column":0},"end":{"line":9,"column":15}},"9":{"start":{"line":10,"column":0},"end":{"line":10,"column":52}},"10":{"start":{"line":11,"column":0},"end":{"line":11,"column":11}},"11":{"start":{"line":12,"column":0},"end":{"line":12,"column":11}},"12":{"start":{"line":13,"column":0},"end":{"line":13,"column":17}},"13":{"start":{"line":14,"column":0},"end":{"line":14,"column":48}},"14":{"start":{"line":15,"column":0},"end":{"line":15,"column":10}},"15":{"start":{"line":16,"column":0},"end":{"line":16,"column":15}},"16":{"start":{"line":17,"column":0},"end":{"line":17,"column":17}},"17":{"start":{"line":18,"column":0},"end":{"line":18,"column":41}},"18":{"start":{"line":19,"column":0},"end":{"line":19,"column":11}},"19":{"start":{"line":20,"column":0},"end":{"line":20,"column":11}},"20":{"start":{"line":21,"column":0},"end":{"line":21,"column":17}},"21":{"start":{"line":22,"column":0},"end":{"line":22,"column":48}},"22":{"start":{"line":23,"column":0},"end":{"line":23,"column":10}},"23":{"start":{"line":24,"column":0},"end":{"line":24,"column":19}},"24":{"start":{"line":25,"column":0},"end":{"line":25,"column":50}},"25":{"start":{"line":26,"column":0},"end":{"line":26,"column":11}},"26":{"start":{"line":27,"column":0},"end":{"line":27,"column":56}},"27":{"start":{"line":28,"column":0},"end":{"line":28,"column":43}},"28":{"start":{"line":29,"column":0},"end":{"line":29,"column":26}},"29":{"start":{"line":30,"column":0},"end":{"line":30,"column":67}},"30":{"start":{"line":31,"column":0},"end":{"line":31,"column":11}},"31":{"start":{"line":32,"column":0},"end":{"line":32,"column":7}},"32":{"start":{"line":33,"column":0},"end":{"line":33,"column":13}},"33":{"start":{"line":34,"column":0},"end":{"line":34,"column":17}},"34":{"start":{"line":35,"column":0},"end":{"line":35,"column":50}},"35":{"start":{"line":36,"column":0},"end":{"line":36,"column":58}},"36":{"start":{"line":37,"column":0},"end":{"line":37,"column":10}},"37":{"start":{"line":38,"column":0},"end":{"line":38,"column":17}},"38":{"start":{"line":39,"column":0},"end":{"line":39,"column":55}},"39":{"start":{"line":40,"column":0},"end":{"line":40,"column":10}},"40":{"start":{"line":41,"column":0},"end":{"line":41,"column":26}},"41":{"start":{"line":42,"column":0},"end":{"line":42,"column":52}},"42":{"start":{"line":43,"column":0},"end":{"line":43,"column":42}},"43":{"start":{"line":44,"column":0},"end":{"line":44,"column":39}},"44":{"start":{"line":45,"column":0},"end":{"line":45,"column":39}},"45":{"start":{"line":46,"column":0},"end":{"line":46,"column":15}},"46":{"start":{"line":47,"column":0},"end":{"line":47,"column":10}},"47":{"start":{"line":48,"column":0},"end":{"line":48,"column":2}}},"s":{"0":1,"1":1,"2":1,"3":1,"4":1,"5":1,"6":1,"7":1,"8":1,"9":1,"10":1,"11":1,"12":1,"13":1,"14":1,"15":1,"16":1,"17":1,"18":1,"19":1,"20":1,"21":1,"22":1,"23":1,"24":1,"25":1,"26":1,"27":1,"28":1,"29":0,"30":0,"31":1,"32":1,"33":1,"34":1,"35":1,"36":1,"37":1,"38":1,"39":1,"40":1,"41":0,"42":0,"43":0,"44":0,"45":0,"46":1,"47":1},"branchMap":{},"b":{},"fnMap":{"0":{"name":"errorMap","decl":{"start":{"line":29,"column":18},"end":{"line":31,"column":11}},"loc":{"start":{"line":29,"column":18},"end":{"line":31,"column":11}},"line":29}},"f":{"0":0}}
,"/home/andredeomondes/Dev/fsc-estudos/projects/finance-app-api/src/schemas/user.js": {"path":"/home/andredeomondes/Dev/fsc-estudos/projects/finance-app-api/src/schemas/user.js","all":false,"statementMap":{"0":{"start":{"line":1,"column":0},"end":{"line":1,"column":23}},"1":{"start":{"line":2,"column":0},"end":{"line":2,"column":0}},"2":{"start":{"line":3,"column":0},"end":{"line":3,"column":51}},"3":{"start":{"line":4,"column":0},"end":{"line":4,"column":42}},"4":{"start":{"line":5,"column":0},"end":{"line":5,"column":43}},"5":{"start":{"line":6,"column":0},"end":{"line":6,"column":7}},"6":{"start":{"line":7,"column":0},"end":{"line":7,"column":41}},"7":{"start":{"line":8,"column":0},"end":{"line":8,"column":42}},"8":{"start":{"line":9,"column":0},"end":{"line":9,"column":7}},"9":{"start":{"line":10,"column":0},"end":{"line":10,"column":12}},"10":{"start":{"line":11,"column":0},"end":{"line":11,"column":17}},"11":{"start":{"line":12,"column":0},"end":{"line":12,"column":16}},"12":{"start":{"line":13,"column":0},"end":{"line":13,"column":54}},"13":{"start":{"line":14,"column":0},"end":{"line":14,"column":10}},"14":{"start":{"line":15,"column":0},"end":{"line":15,"column":15}},"15":{"start":{"line":16,"column":0},"end":{"line":16,"column":17}},"16":{"start":{"line":17,"column":0},"end":{"line":17,"column":43}},"17":{"start":{"line":18,"column":0},"end":{"line":18,"column":11}},"18":{"start":{"line":19,"column":0},"end":{"line":19,"column":15}},"19":{"start":{"line":20,"column":0},"end":{"line":20,"column":17}},"20":{"start":{"line":21,"column":0},"end":{"line":21,"column":45}},"21":{"start":{"line":22,"column":0},"end":{"line":22,"column":10}},"22":{"start":{"line":23,"column":0},"end":{"line":23,"column":15}},"23":{"start":{"line":24,"column":0},"end":{"line":24,"column":17}},"24":{"start":{"line":25,"column":0},"end":{"line":25,"column":65}},"25":{"start":{"line":26,"column":0},"end":{"line":26,"column":11}},"26":{"start":{"line":27,"column":0},"end":{"line":27,"column":2}},"27":{"start":{"line":28,"column":0},"end":{"line":28,"column":0}},"28":{"start":{"line":29,"column":0},"end":{"line":29,"column":76}},"29":{"start":{"line":30,"column":0},"end":{"line":30,"column":51}},"30":{"start":{"line":31,"column":0},"end":{"line":31,"column":2}}},"s":{"0":1,"1":1,"2":1,"3":1,"4":1,"5":1,"6":1,"7":1,"8":1,"9":1,"10":1,"11":1,"12":1,"13":1,"14":1,"15":1,"16":1,"17":1,"18":1,"19":1,"20":1,"21":1,"22":1,"23":1,"24":1,"25":1,"26":1,"27":1,"28":1,"29":1,"30":1},"branchMap":{},"b":{},"fnMap":{},"f":{}}
}
