TN:
SF:src/controllers/helpers/http.js
FN:1,badRequest
FN:8,created
FN:15,serverError
FN:24,ok
FN:31,notFound
FNF:5
FNH:5
FNDA:26,badRequest
FNDA:5,created
FNDA:7,serverError
FNDA:6,ok
FNDA:5,notFound
DA:1,1
DA:2,26
DA:3,26
DA:4,26
DA:5,26
DA:6,26
DA:7,1
DA:8,1
DA:9,5
DA:10,5
DA:11,5
DA:12,5
DA:13,5
DA:14,1
DA:15,1
DA:16,7
DA:17,7
DA:18,7
DA:19,7
DA:20,7
DA:21,7
DA:22,7
DA:23,1
DA:24,1
DA:25,6
DA:26,6
DA:27,6
DA:28,6
DA:29,6
DA:30,1
DA:31,1
DA:32,5
DA:33,5
DA:34,5
DA:35,5
DA:36,5
DA:37,5
DA:38,5
LF:38
LH:38
BRDA:1,0,0,26
BRDA:8,1,0,5
BRDA:15,2,0,7
BRDA:24,3,0,6
BRDA:31,4,0,5
BRDA:35,5,0,0
BRF:6
BRH:5
end_of_record
TN:
SF:src/controllers/helpers/index.js
FN:1,get
FN:2,get
FN:3,get
FN:4,get
FNF:4
FNH:4
FNDA:36,get
FNDA:5,get
FNDA:33,get
FNDA:1,get
DA:1,36
DA:2,5
DA:3,33
DA:4,1
LF:4
LH:4
BRDA:1,0,0,40
BRDA:1,1,0,0
BRDA:1,2,0,0
BRDA:1,3,0,0
BRDA:1,4,0,36
BRDA:2,5,0,64
BRDA:2,6,0,0
BRDA:2,7,0,0
BRDA:2,8,0,0
BRDA:2,9,0,5
BRDA:3,10,0,48
BRDA:3,11,0,0
BRDA:3,12,0,0
BRDA:3,13,0,0
BRDA:3,14,0,33
BRDA:4,15,0,40
BRDA:4,16,0,0
BRDA:4,17,0,0
BRDA:4,18,0,0
BRDA:4,19,0,1
BRF:20
BRH:8
end_of_record
TN:
SF:src/controllers/helpers/transaction.js
FN:4,checkIfAmountIsValid
FN:16,checkIfTypeIsValid
FN:20,invalidAmountResponse
FN:26,invalidTypeResponse
FN:33,transactionNotFoundResponse
FNF:5
FNH:1
FNDA:0,checkIfAmountIsValid
FNDA:0,checkIfTypeIsValid
FNDA:0,invalidAmountResponse
FNDA:0,invalidTypeResponse
FNDA:1,transactionNotFoundResponse
DA:1,1
DA:2,1
DA:3,1
DA:4,1
DA:5,0
DA:6,0
DA:7,0
DA:8,0
DA:9,0
DA:10,0
DA:11,0
DA:12,0
DA:13,0
DA:14,0
DA:15,1
DA:16,1
DA:17,0
DA:18,0
DA:19,1
DA:20,1
DA:21,0
DA:22,0
DA:23,0
DA:24,0
DA:25,1
DA:26,1
DA:27,0
DA:28,0
DA:29,0
DA:30,0
DA:31,0
DA:32,1
DA:33,1
DA:34,1
DA:35,1
LF:35
LH:14
BRDA:33,0,0,1
BRF:1
BRH:1
end_of_record
TN:
SF:src/controllers/helpers/user.js
FN:3,generateInvalidPasswordResponse
FN:8,generateInvalidEmailResponse
FN:13,generateEmailAlreadyInUseResponse
FN:18,generateNoFieldsToUpdateResponse
FN:24,generateSomeFieldsNotAllowedResponse
FN:29,generateFieldIsRequiredResponse
FN:34,checkIfPasswordIsValid
FN:36,userNotFoundResponse
FNF:8
FNH:2
FNDA:0,generateInvalidPasswordResponse
FNDA:0,generateInvalidEmailResponse
FNDA:0,generateEmailAlreadyInUseResponse
FNDA:0,generateNoFieldsToUpdateResponse
FNDA:1,generateSomeFieldsNotAllowedResponse
FNDA:0,generateFieldIsRequiredResponse
FNDA:0,checkIfPasswordIsValid
FNDA:4,userNotFoundResponse
DA:1,1
DA:2,1
DA:3,1
DA:4,0
DA:5,0
DA:6,0
DA:7,1
DA:8,1
DA:9,0
DA:10,0
DA:11,0
DA:12,1
DA:13,1
DA:14,0
DA:15,0
DA:16,0
DA:17,1
DA:18,1
DA:19,0
DA:20,0
DA:21,0
DA:22,0
DA:23,1
DA:24,1
DA:25,1
DA:26,1
DA:27,1
DA:28,1
DA:29,1
DA:30,0
DA:31,0
DA:32,0
DA:33,1
DA:34,1
DA:35,1
DA:36,1
DA:37,4
DA:38,4
DA:39,4
LF:39
LH:23
BRDA:24,0,0,1
BRDA:36,1,0,4
BRF:2
BRH:2
end_of_record
TN:
SF:src/controllers/helpers/validation.js
FN:4,checkIfIdIsValid
FN:6,generateInvalidIdResponse
FN:11,checkIfEmailIsValid
FN:13,requiredFieldIsMissingResponse
FN:18,checkIfIsString
FN:20,validateRequiredFields
FNF:6
FNH:3
FNDA:26,checkIfIdIsValid
FNDA:6,generateInvalidIdResponse
FNDA:0,checkIfEmailIsValid
FNDA:1,requiredFieldIsMissingResponse
FNDA:0,checkIfIsString
FNDA:0,validateRequiredFields
DA:1,1
DA:2,1
DA:3,1
DA:4,1
DA:5,1
DA:6,1
DA:7,6
DA:8,6
DA:9,6
DA:10,1
DA:11,1
DA:12,1
DA:13,1
DA:14,1
DA:15,1
DA:16,1
DA:17,1
DA:18,1
DA:19,1
DA:20,1
DA:21,0
DA:22,0
DA:23,0
DA:24,0
DA:25,0
DA:26,0
DA:27,0
DA:28,0
DA:29,0
DA:30,0
DA:31,0
DA:32,0
DA:33,0
DA:34,0
DA:35,0
DA:36,0
DA:37,0
DA:38,0
DA:39,0
DA:40,0
DA:41,0
LF:41
LH:20
BRDA:4,0,0,26
BRDA:6,1,0,6
BRDA:13,2,0,1
BRF:3
BRH:3
end_of_record
TN:
SF:src/controllers/transaction/create-transaction.js
FN:6,CreateTransactionController
FN:10,execute
FNF:2
FNH:2
FNDA:12,CreateTransactionController
FNDA:12,execute
DA:1,1
DA:2,1
DA:3,1
DA:4,1
DA:5,1
DA:6,1
DA:7,12
DA:8,12
DA:9,1
DA:10,1
DA:11,12
DA:12,12
DA:13,12
DA:14,12
DA:15,4
DA:16,4
DA:17,4
DA:18,3
DA:19,3
DA:20,12
DA:21,9
DA:22,8
DA:23,8
DA:24,8
DA:25,8
DA:26,1
DA:27,1
DA:28,1
DA:29,12
DA:30,1
LF:30
LH:30
BRDA:6,0,0,12
BRDA:10,1,0,12
BRDA:15,2,0,4
BRDA:18,3,0,3
BRDA:20,4,0,9
BRDA:21,5,0,8
BRDA:25,6,0,1
BRF:7
BRH:7
end_of_record
TN:
SF:src/controllers/transaction/delete-transaction.js
FN:10,DeleteTransactionController
FN:14,execute
FNF:2
FNH:2
FNDA:4,DeleteTransactionController
FNDA:4,execute
DA:1,1
DA:2,1
DA:3,1
DA:4,1
DA:5,1
DA:6,1
DA:7,1
DA:8,1
DA:9,1
DA:10,1
DA:11,4
DA:12,4
DA:13,1
DA:14,1
DA:15,4
DA:16,4
DA:17,4
DA:18,4
DA:19,1
DA:20,1
DA:21,3
DA:22,3
DA:23,3
DA:24,3
DA:25,3
DA:26,2
DA:27,4
DA:28,1
DA:29,1
DA:30,1
DA:31,1
DA:32,1
DA:33,1
DA:34,1
DA:35,1
DA:36,1
DA:37,4
DA:38,1
LF:38
LH:38
BRDA:10,0,0,4
BRDA:14,1,0,4
BRDA:18,2,0,1
BRDA:20,3,0,3
BRDA:26,4,0,2
BRDA:27,5,0,1
BRF:6
BRH:6
end_of_record
TN:
SF:src/controllers/transaction/get-transactions-by-user-id.js
FN:12,GetTransactionsByUserIdController
FN:15,execute
FNF:2
FNH:2
FNDA:4,GetTransactionsByUserIdController
FNDA:4,execute
DA:1,1
DA:2,1
DA:3,1
DA:4,1
DA:5,1
DA:6,1
DA:7,1
DA:8,1
DA:9,1
DA:10,1
DA:11,1
DA:12,1
DA:13,4
DA:14,4
DA:15,1
DA:16,4
DA:17,4
DA:18,4
DA:19,4
DA:20,1
DA:21,1
DA:22,3
DA:23,3
DA:24,3
DA:25,4
DA:26,1
DA:27,1
DA:28,2
DA:29,2
DA:30,2
DA:31,2
DA:32,2
DA:33,1
DA:34,1
DA:35,1
DA:36,1
DA:37,1
DA:38,1
DA:39,1
DA:40,0
DA:41,0
DA:42,4
DA:43,1
LF:43
LH:41
BRDA:12,0,0,4
BRDA:15,1,0,4
BRDA:19,2,0,1
BRDA:21,3,0,3
BRDA:25,4,0,1
BRDA:27,5,0,2
BRDA:33,6,0,1
BRDA:39,7,0,0
BRF:8
BRH:7
end_of_record
TN:
SF:src/controllers/user/create-user.js
FN:7,CreateUserController
FN:11,execute
FNF:2
FNH:2
FNDA:10,CreateUserController
FNDA:10,execute
DA:1,1
DA:2,1
DA:3,1
DA:4,1
DA:5,1
DA:6,1
DA:7,1
DA:8,10
DA:9,10
DA:10,1
DA:11,1
DA:12,10
DA:13,10
DA:14,10
DA:15,10
DA:16,4
DA:17,4
DA:18,2
DA:19,2
DA:20,10
DA:21,8
DA:22,6
DA:23,6
DA:24,6
DA:25,6
DA:26,2
DA:27,8
DA:28,1
DA:29,1
DA:30,1
DA:31,1
DA:32,1
DA:33,1
DA:34,1
DA:35,1
DA:36,10
DA:37,1
LF:37
LH:37
BRDA:7,0,0,10
BRDA:11,1,0,10
BRDA:16,2,0,4
BRDA:18,3,0,2
BRDA:20,4,0,8
BRDA:21,5,0,6
BRDA:25,6,0,2
BRDA:27,7,0,1
BRF:8
BRH:8
end_of_record
TN:
SF:src/controllers/user/delete-user.js
FN:10,DeleteUserController
FN:13,execute
FNF:2
FNH:2
FNDA:4,DeleteUserController
FNDA:4,execute
DA:1,1
DA:2,1
DA:3,1
DA:4,1
DA:5,1
DA:6,1
DA:7,1
DA:8,1
DA:9,1
DA:10,1
DA:11,4
DA:12,4
DA:13,1
DA:14,4
DA:15,4
DA:16,4
DA:17,4
DA:18,4
DA:19,4
DA:20,1
DA:21,1
DA:22,3
DA:23,3
DA:24,2
DA:25,4
DA:26,1
DA:27,1
DA:28,1
DA:29,1
DA:30,1
DA:31,1
DA:32,1
DA:33,1
DA:34,1
DA:35,4
DA:36,1
LF:36
LH:36
BRDA:10,0,0,4
BRDA:13,1,0,4
BRDA:19,2,0,1
BRDA:21,3,0,3
BRDA:24,4,0,2
BRDA:25,5,0,1
BRDA:25,6,0,1
BRF:7
BRH:7
end_of_record
TN:
SF:src/controllers/user/get-user-balance.js
FN:12,GetUserBalanceController
FN:16,execute
FNF:2
FNH:2
FNDA:4,GetUserBalanceController
FNDA:4,execute
DA:1,1
DA:2,1
DA:3,1
DA:4,1
DA:5,1
DA:6,1
DA:7,1
DA:8,1
DA:9,1
DA:10,1
DA:11,1
DA:12,1
DA:13,4
DA:14,4
DA:15,1
DA:16,1
DA:17,4
DA:18,4
DA:19,4
DA:20,4
DA:21,4
DA:22,4
DA:23,1
DA:24,1
DA:25,3
DA:26,3
DA:27,1
DA:28,1
DA:29,4
DA:30,2
DA:31,1
DA:32,1
DA:33,1
DA:34,1
DA:35,1
DA:36,1
DA:37,1
DA:38,4
DA:39,1
LF:39
LH:39
BRDA:12,0,0,4
BRDA:16,1,0,4
BRDA:22,2,0,1
BRDA:24,3,0,3
BRDA:27,4,0,1
BRDA:29,5,0,2
BRDA:30,6,0,1
BRF:7
BRH:7
end_of_record
TN:
SF:src/controllers/user/get-user-by-id.js
FN:10,GetUserByIdController
FN:14,execute
FNF:2
FNH:2
FNDA:4,GetUserByIdController
FNDA:4,execute
DA:1,1
DA:2,1
DA:3,1
DA:4,1
DA:5,1
DA:6,1
DA:7,1
DA:8,1
DA:9,1
DA:10,1
DA:11,4
DA:12,4
DA:13,1
DA:14,1
DA:15,4
DA:16,4
DA:17,4
DA:18,4
DA:19,1
DA:20,1
DA:21,3
DA:22,3
DA:23,3
DA:24,3
DA:25,2
DA:26,4
DA:27,1
DA:28,1
DA:29,1
DA:30,1
DA:31,1
DA:32,1
DA:33,1
DA:34,1
DA:35,4
DA:36,1
LF:36
LH:36
BRDA:10,0,0,4
BRDA:14,1,0,4
BRDA:18,2,0,1
BRDA:20,3,0,3
BRDA:25,4,0,2
BRDA:26,5,0,1
BRF:6
BRH:6
end_of_record
TN:
SF:src/controllers/user/update-user.js
FN:15,UpdateUserController
FN:18,execute
FNF:2
FNH:2
FNDA:7,UpdateUserController
FNDA:7,execute
DA:1,1
DA:2,1
DA:3,1
DA:4,1
DA:5,1
DA:6,1
DA:7,1
DA:8,1
DA:9,1
DA:10,1
DA:11,1
DA:12,1
DA:13,1
DA:14,1
DA:15,1
DA:16,7
DA:17,7
DA:18,1
DA:19,7
DA:20,7
DA:21,7
DA:22,7
DA:23,7
DA:24,7
DA:25,1
DA:26,1
DA:27,6
DA:28,6
DA:29,6
DA:30,6
DA:31,6
DA:32,6
DA:33,6
DA:34,6
DA:35,6
DA:36,6
DA:37,6
DA:38,6
DA:39,6
DA:40,6
DA:41,7
DA:42,1
DA:43,1
DA:44,5
DA:45,5
DA:46,3
DA:47,3
DA:48,3
DA:49,3
DA:50,3
DA:51,1
DA:52,7
DA:53,4
DA:54,2
DA:55,2
DA:56,2
DA:57,2
DA:58,4
DA:59,1
DA:60,1
DA:61,1
DA:62,1
DA:63,1
DA:64,1
DA:65,1
DA:66,7
DA:67,1
LF:67
LH:67
BRDA:15,0,0,7
BRDA:18,1,0,7
BRDA:24,2,0,1
BRDA:26,3,0,6
BRDA:41,4,0,1
BRDA:43,5,0,5
BRDA:46,6,0,3
BRDA:51,7,0,1
BRDA:52,8,0,4
BRDA:53,9,0,2
BRDA:58,10,0,1
BRDA:38,11,0,25
BRF:12
BRH:12
end_of_record
TN:
SF:src/errors/user.js
FN:2,EmailAlreadyInUseError
FN:9,UserNotFoundError
FNF:2
FNH:2
FNDA:2,EmailAlreadyInUseError
FNDA:2,UserNotFoundError
DA:1,1
DA:2,1
DA:3,2
DA:4,2
DA:5,2
DA:6,1
DA:7,1
DA:8,1
DA:9,1
DA:10,2
DA:11,2
DA:12,2
DA:13,1
LF:13
LH:13
BRDA:2,0,0,2
BRDA:9,1,0,2
BRDA:10,2,0,0
BRF:3
BRH:2
end_of_record
TN:
SF:src/schemas/index.js
FN:1,get
FN:2,get
FNF:2
FNH:1
FNDA:15,get
FNDA:0,get
DA:1,15
DA:2,0
LF:2
LH:1
BRDA:1,0,0,4
BRDA:1,1,0,0
BRDA:1,2,0,0
BRDA:1,3,0,0
BRDA:1,4,0,15
BRDA:2,5,0,2
BRDA:2,6,0,0
BRDA:2,7,0,0
BRDA:2,8,0,0
BRF:9
BRH:3
end_of_record
TN:
SF:src/schemas/transaction.js
FN:29,errorMap
FNF:1
FNH:0
FNDA:0,errorMap
DA:1,1
DA:2,1
DA:3,1
DA:4,1
DA:5,1
DA:6,1
DA:7,1
DA:8,1
DA:9,1
DA:10,1
DA:11,1
DA:12,1
DA:13,1
DA:14,1
DA:15,1
DA:16,1
DA:17,1
DA:18,1
DA:19,1
DA:20,1
DA:21,1
DA:22,1
DA:23,1
DA:24,1
DA:25,1
DA:26,1
DA:27,1
DA:28,1
DA:29,1
DA:30,0
DA:31,0
DA:32,1
DA:33,1
DA:34,1
DA:35,1
DA:36,1
DA:37,1
DA:38,1
DA:39,1
DA:40,1
DA:41,1
DA:42,10
DA:43,10
DA:44,10
DA:45,10
DA:46,10
DA:47,1
DA:48,1
LF:48
LH:46
BRDA:41,0,0,10
BRF:1
BRH:1
end_of_record
TN:
SF:src/schemas/user.js
FNF:0
FNH:0
DA:1,1
DA:2,1
DA:3,1
DA:4,1
DA:5,1
DA:6,1
DA:7,1
DA:8,1
DA:9,1
DA:10,1
DA:11,1
DA:12,1
DA:13,1
DA:14,1
DA:15,1
DA:16,1
DA:17,1
DA:18,1
DA:19,1
DA:20,1
DA:21,1
DA:22,1
DA:23,1
DA:24,1
DA:25,1
DA:26,1
DA:27,1
DA:28,1
DA:29,1
DA:30,1
DA:31,1
LF:31
LH:31
BRF:0
BRH:0
end_of_record
