TN:
SF:src/adapters/id-generator.js
FN:1,(empty-report)
FNF:1
FNH:0
FNDA:0,(empty-report)
DA:1,0
DA:2,0
DA:3,0
DA:4,0
DA:5,0
DA:6,0
DA:7,0
LF:7
LH:0
BRDA:1,0,0,0
BRF:1
BRH:0
end_of_record
TN:
SF:src/adapters/index.js
FN:1,(empty-report)
FNF:1
FNH:0
FNDA:0,(empty-report)
DA:1,0
DA:2,0
LF:2
LH:0
BRDA:1,0,0,0
BRF:1
BRH:0
end_of_record
TN:
SF:src/adapters/password-hasher.js
FN:1,(empty-report)
FNF:1
FNH:0
FNDA:0,(empty-report)
DA:1,0
DA:2,0
DA:3,0
DA:4,0
DA:5,0
DA:6,0
DA:7,0
LF:7
LH:0
BRDA:1,0,0,0
BRF:1
BRH:0
end_of_record
TN:
SF:src/controllers/index.js
FN:1,(empty-report)
FNF:1
FNH:0
FNDA:0,(empty-report)
DA:1,0
DA:2,0
DA:3,0
DA:4,0
DA:5,0
DA:6,0
DA:7,0
DA:8,0
DA:9,0
DA:10,0
LF:10
LH:0
BRDA:1,0,0,0
BRF:1
BRH:0
end_of_record
TN:
SF:src/controllers/helpers/http.js
FN:1,badRequest
FN:8,created
FN:15,serverError
FN:24,ok
FN:31,notFound
FNF:5
FNH:5
FNDA:30,badRequest
FNDA:6,created
FNDA:9,serverError
FNDA:14,ok
FNDA:6,notFound
DA:1,1
DA:2,30
DA:3,30
DA:4,30
DA:5,30
DA:6,30
DA:7,1
DA:8,1
DA:9,6
DA:10,6
DA:11,6
DA:12,6
DA:13,6
DA:14,1
DA:15,1
DA:16,9
DA:17,9
DA:18,9
DA:19,9
DA:20,9
DA:21,9
DA:22,9
DA:23,1
DA:24,1
DA:25,14
DA:26,14
DA:27,14
DA:28,14
DA:29,14
DA:30,1
DA:31,1
DA:32,6
DA:33,6
DA:34,6
DA:35,6
DA:36,6
DA:37,6
DA:38,6
LF:38
LH:38
BRDA:1,0,0,30
BRDA:8,1,0,6
BRDA:15,2,0,9
BRDA:24,3,0,14
BRDA:31,4,0,6
BRDA:35,5,0,0
BRF:6
BRH:5
end_of_record
TN:
SF:src/controllers/helpers/index.js
FN:1,get
FN:2,get
FN:3,get
FN:4,get
FNF:4
FNH:4
FNDA:50,get
FNDA:5,get
FNDA:50,get
FNDA:1,get
DA:1,50
DA:2,5
DA:3,50
DA:4,1
LF:4
LH:4
BRDA:1,0,0,45
BRDA:1,1,0,0
BRDA:1,2,0,0
BRDA:1,3,0,0
BRDA:1,4,0,50
BRDA:2,5,0,9
BRDA:2,6,0,0
BRDA:2,7,0,0
BRDA:2,8,0,0
BRDA:2,9,0,5
BRDA:3,10,0,36
BRDA:3,11,0,0
BRDA:3,12,0,0
BRDA:3,13,0,0
BRDA:3,14,0,50
BRDA:4,15,0,9
BRDA:4,16,0,0
BRDA:4,17,0,0
BRDA:4,18,0,0
BRDA:4,19,0,1
BRF:20
BRH:8
end_of_record
TN:
SF:src/controllers/helpers/transaction.js
FN:3,transactionNotFoundResponse
FNF:1
FNH:1
FNDA:1,transactionNotFoundResponse
DA:1,1
DA:2,1
DA:3,1
DA:4,1
DA:5,1
LF:5
LH:5
BRDA:3,0,0,1
BRF:1
BRH:1
end_of_record
TN:
SF:src/controllers/helpers/user.js
FN:3,userNotFoundResponse
FNF:1
FNH:1
FNDA:5,userNotFoundResponse
DA:1,1
DA:2,1
DA:3,1
DA:4,5
DA:5,5
DA:6,5
LF:6
LH:6
BRDA:3,0,0,5
BRF:1
BRH:1
end_of_record
TN:
SF:src/controllers/helpers/validation.js
FN:4,checkIfIdIsValid
FN:6,generateInvalidIdResponse
FN:11,requiredFieldIsMissingResponse
FN:16,generateSomeFieldsNotAllowedResponse
FNF:4
FNH:4
FNDA:41,checkIfIdIsValid
FNDA:7,generateInvalidIdResponse
FNDA:1,requiredFieldIsMissingResponse
FNDA:1,generateSomeFieldsNotAllowedResponse
DA:1,1
DA:2,1
DA:3,1
DA:4,1
DA:5,1
DA:6,1
DA:7,7
DA:8,7
DA:9,7
DA:10,1
DA:11,1
DA:12,1
DA:13,1
DA:14,1
DA:15,1
DA:16,1
DA:17,1
DA:18,1
DA:19,1
LF:19
LH:19
BRDA:4,0,0,41
BRDA:6,1,0,7
BRDA:11,2,0,1
BRDA:16,3,0,1
BRF:4
BRH:4
end_of_record
TN:
SF:src/controllers/transaction/create-transaction.js
FN:6,CreateTransactionController
FN:10,execute
FNF:2
FNH:2
FNDA:13,CreateTransactionController
FNDA:13,execute
DA:1,1
DA:2,1
DA:3,1
DA:4,1
DA:5,1
DA:6,1
DA:7,13
DA:8,13
DA:9,1
DA:10,1
DA:11,13
DA:12,13
DA:13,13
DA:14,13
DA:15,5
DA:16,5
DA:17,5
DA:18,4
DA:19,4
DA:20,13
DA:21,9
DA:22,8
DA:23,8
DA:24,8
DA:25,8
DA:26,1
DA:27,1
DA:28,1
DA:29,13
DA:30,1
LF:30
LH:30
BRDA:6,0,0,13
BRDA:10,1,0,13
BRDA:15,2,0,5
BRDA:18,3,0,4
BRDA:20,4,0,9
BRDA:21,5,0,8
BRDA:25,6,0,1
BRF:7
BRH:7
end_of_record
TN:
SF:src/controllers/transaction/delete-transaction.js
FN:10,DeleteTransactionController
FN:14,execute
FNF:2
FNH:2
FNDA:5,DeleteTransactionController
FNDA:5,execute
DA:1,1
DA:2,1
DA:3,1
DA:4,1
DA:5,1
DA:6,1
DA:7,1
DA:8,1
DA:9,1
DA:10,1
DA:11,5
DA:12,5
DA:13,1
DA:14,1
DA:15,5
DA:16,5
DA:17,5
DA:18,5
DA:19,1
DA:20,1
DA:21,4
DA:22,4
DA:23,4
DA:24,4
DA:25,4
DA:26,3
DA:27,5
DA:28,1
DA:29,1
DA:30,2
DA:31,2
DA:32,5
DA:33,1
DA:34,1
DA:35,1
DA:36,1
DA:37,5
DA:38,1
LF:38
LH:38
BRDA:10,0,0,5
BRDA:14,1,0,5
BRDA:18,2,0,1
BRDA:20,3,0,4
BRDA:26,4,0,3
BRDA:27,5,0,1
BRDA:29,6,0,2
BRDA:32,7,0,1
BRF:8
BRH:8
end_of_record
TN:
SF:src/controllers/transaction/get-transactions-by-user-id.js
FN:12,GetTransactionsByUserIdController
FN:15,execute
FNF:2
FNH:2
FNDA:6,GetTransactionsByUserIdController
FNDA:6,execute
DA:1,1
DA:2,1
DA:3,1
DA:4,1
DA:5,1
DA:6,1
DA:7,1
DA:8,1
DA:9,1
DA:10,1
DA:11,1
DA:12,1
DA:13,6
DA:14,6
DA:15,1
DA:16,6
DA:17,6
DA:18,6
DA:19,6
DA:20,1
DA:21,1
DA:22,5
DA:23,5
DA:24,5
DA:25,6
DA:26,1
DA:27,1
DA:28,4
DA:29,4
DA:30,4
DA:31,2
DA:32,2
DA:33,2
DA:34,2
DA:35,2
DA:36,1
DA:37,1
DA:38,1
DA:39,1
DA:40,6
DA:41,1
LF:41
LH:41
BRDA:12,0,0,6
BRDA:15,1,0,6
BRDA:19,2,0,1
BRDA:21,3,0,5
BRDA:25,4,0,1
BRDA:27,5,0,4
BRDA:31,6,0,2
BRDA:35,7,0,1
BRF:8
BRH:8
end_of_record
TN:
SF:src/controllers/transaction/update-transaction.js
FN:14,UpdateTransactionController
FN:17,execute
FNF:2
FNH:2
FNDA:7,UpdateTransactionController
FNDA:7,execute
DA:1,1
DA:2,1
DA:3,1
DA:4,1
DA:5,1
DA:6,1
DA:7,1
DA:8,1
DA:9,1
DA:10,1
DA:11,1
DA:12,1
DA:13,1
DA:14,1
DA:15,7
DA:16,7
DA:17,1
DA:18,7
DA:19,7
DA:20,7
DA:21,7
DA:22,1
DA:23,1
DA:24,6
DA:25,6
DA:26,6
DA:27,6
DA:28,3
DA:29,3
DA:30,3
DA:31,3
DA:32,3
DA:33,2
DA:34,2
DA:35,7
DA:36,4
DA:37,3
DA:38,3
DA:39,3
DA:40,3
DA:41,1
DA:42,1
DA:43,1
DA:44,7
DA:45,1
LF:45
LH:45
BRDA:14,0,0,7
BRDA:17,1,0,7
BRDA:21,2,0,1
BRDA:23,3,0,6
BRDA:28,4,0,3
BRDA:33,5,0,2
BRDA:35,6,0,4
BRDA:36,7,0,3
BRDA:40,8,0,1
BRF:9
BRH:9
end_of_record
TN:
SF:src/controllers/user/create-user.js
FN:7,CreateUserController
FN:11,execute
FNF:2
FNH:2
FNDA:10,CreateUserController
FNDA:10,execute
DA:1,1
DA:2,1
DA:3,1
DA:4,1
DA:5,1
DA:6,1
DA:7,1
DA:8,10
DA:9,10
DA:10,1
DA:11,1
DA:12,10
DA:13,10
DA:14,10
DA:15,10
DA:16,4
DA:17,4
DA:18,2
DA:19,2
DA:20,10
DA:21,8
DA:22,6
DA:23,6
DA:24,6
DA:25,6
DA:26,2
DA:27,8
DA:28,1
DA:29,1
DA:30,1
DA:31,1
DA:32,1
DA:33,1
DA:34,1
DA:35,1
DA:36,10
DA:37,1
LF:37
LH:37
BRDA:7,0,0,10
BRDA:11,1,0,10
BRDA:16,2,0,4
BRDA:18,3,0,2
BRDA:20,4,0,8
BRDA:21,5,0,6
BRDA:25,6,0,2
BRDA:27,7,0,1
BRF:8
BRH:8
end_of_record
TN:
SF:src/controllers/user/delete-user.js
FN:10,DeleteUserController
FN:13,execute
FNF:2
FNH:2
FNDA:5,DeleteUserController
FNDA:5,execute
DA:1,1
DA:2,1
DA:3,1
DA:4,1
DA:5,1
DA:6,1
DA:7,1
DA:8,1
DA:9,1
DA:10,1
DA:11,5
DA:12,5
DA:13,1
DA:14,5
DA:15,5
DA:16,5
DA:17,5
DA:18,5
DA:19,5
DA:20,1
DA:21,1
DA:22,4
DA:23,4
DA:24,3
DA:25,5
DA:26,1
DA:27,1
DA:28,2
DA:29,2
DA:30,5
DA:31,1
DA:32,1
DA:33,1
DA:34,1
DA:35,5
DA:36,1
LF:36
LH:36
BRDA:10,0,0,5
BRDA:13,1,0,5
BRDA:19,2,0,1
BRDA:21,3,0,4
BRDA:24,4,0,3
BRDA:25,5,0,2
BRDA:25,6,0,1
BRDA:27,7,0,2
BRDA:30,8,0,1
BRF:9
BRH:9
end_of_record
TN:
SF:src/controllers/user/get-user-balance.js
FN:12,GetUserBalanceController
FN:16,execute
FNF:2
FNH:2
FNDA:6,GetUserBalanceController
FNDA:6,execute
DA:1,1
DA:2,1
DA:3,1
DA:4,1
DA:5,1
DA:6,1
DA:7,1
DA:8,1
DA:9,1
DA:10,1
DA:11,1
DA:12,1
DA:13,6
DA:14,6
DA:15,1
DA:16,1
DA:17,6
DA:18,6
DA:19,6
DA:20,6
DA:21,6
DA:22,6
DA:23,1
DA:24,1
DA:25,5
DA:26,5
DA:27,2
DA:28,2
DA:29,6
DA:30,3
DA:31,2
DA:32,2
DA:33,1
DA:34,1
DA:35,1
DA:36,1
DA:37,1
DA:38,6
DA:39,1
LF:39
LH:39
BRDA:12,0,0,6
BRDA:16,1,0,6
BRDA:22,2,0,1
BRDA:24,3,0,5
BRDA:27,4,0,2
BRDA:29,5,0,3
BRDA:30,6,0,2
BRDA:32,7,0,1
BRF:8
BRH:8
end_of_record
TN:
SF:src/controllers/user/get-user-by-id.js
FN:10,GetUserByIdController
FN:14,execute
FNF:2
FNH:2
FNDA:5,GetUserByIdController
FNDA:5,execute
DA:1,1
DA:2,1
DA:3,1
DA:4,1
DA:5,1
DA:6,1
DA:7,1
DA:8,1
DA:9,1
DA:10,1
DA:11,5
DA:12,5
DA:13,1
DA:14,1
DA:15,5
DA:16,5
DA:17,5
DA:18,5
DA:19,1
DA:20,1
DA:21,4
DA:22,4
DA:23,4
DA:24,4
DA:25,3
DA:26,5
DA:27,1
DA:28,1
DA:29,2
DA:30,2
DA:31,5
DA:32,1
DA:33,1
DA:34,1
DA:35,5
DA:36,1
LF:36
LH:36
BRDA:10,0,0,5
BRDA:14,1,0,5
BRDA:18,2,0,1
BRDA:20,3,0,4
BRDA:25,4,0,3
BRDA:26,5,0,1
BRDA:28,6,0,2
BRDA:31,7,0,1
BRF:8
BRH:8
end_of_record
TN:
SF:src/controllers/user/update-user.js
FN:15,UpdateUserController
FN:18,execute
FNF:2
FNH:2
FNDA:8,UpdateUserController
FNDA:8,execute
DA:1,1
DA:2,1
DA:3,1
DA:4,1
DA:5,1
DA:6,1
DA:7,1
DA:8,1
DA:9,1
DA:10,1
DA:11,1
DA:12,1
DA:13,1
DA:14,1
DA:15,1
DA:16,8
DA:17,8
DA:18,1
DA:19,8
DA:20,8
DA:21,8
DA:22,8
DA:23,8
DA:24,8
DA:25,1
DA:26,1
DA:27,7
DA:28,7
DA:29,7
DA:30,7
DA:31,7
DA:32,7
DA:33,7
DA:34,7
DA:35,7
DA:36,7
DA:37,7
DA:38,7
DA:39,7
DA:40,7
DA:41,8
DA:42,1
DA:43,1
DA:44,6
DA:45,6
DA:46,4
DA:47,4
DA:48,4
DA:49,4
DA:50,4
DA:51,2
DA:52,8
DA:53,4
DA:54,2
DA:55,2
DA:56,2
DA:57,2
DA:58,4
DA:59,1
DA:60,1
DA:61,1
DA:62,1
DA:63,1
DA:64,1
DA:65,1
DA:66,8
DA:67,1
LF:67
LH:67
BRDA:15,0,0,8
BRDA:18,1,0,8
BRDA:24,2,0,1
BRDA:26,3,0,7
BRDA:41,4,0,1
BRDA:43,5,0,6
BRDA:46,6,0,4
BRDA:51,7,0,2
BRDA:52,8,0,4
BRDA:53,9,0,2
BRDA:58,10,0,1
BRDA:38,11,0,29
BRF:12
BRH:12
end_of_record
TN:
SF:src/errors/user.js
FN:2,EmailAlreadyInUseError
FN:9,UserNotFoundError
FNF:2
FNH:2
FNDA:4,EmailAlreadyInUseError
FNDA:5,UserNotFoundError
DA:1,1
DA:2,1
DA:3,4
DA:4,4
DA:5,4
DA:6,1
DA:7,1
DA:8,1
DA:9,1
DA:10,5
DA:11,5
DA:12,5
DA:13,1
LF:13
LH:13
BRDA:2,0,0,4
BRDA:9,1,0,5
BRDA:10,2,0,2
BRF:3
BRH:3
end_of_record
TN:
SF:src/factories/controllers/transaction.js
FN:1,(empty-report)
FNF:1
FNH:0
FNDA:0,(empty-report)
DA:1,0
DA:2,0
DA:3,0
DA:4,0
DA:5,0
DA:6,0
DA:7,0
DA:8,0
DA:9,0
DA:10,0
DA:11,0
DA:12,0
DA:13,0
DA:14,0
DA:15,0
DA:16,0
DA:17,0
DA:18,0
DA:19,0
DA:20,0
DA:21,0
DA:22,0
DA:23,0
DA:24,0
DA:25,0
DA:26,0
DA:27,0
DA:28,0
DA:29,0
DA:30,0
DA:31,0
DA:32,0
DA:33,0
DA:34,0
DA:35,0
DA:36,0
DA:37,0
DA:38,0
DA:39,0
DA:40,0
DA:41,0
DA:42,0
DA:43,0
DA:44,0
DA:45,0
DA:46,0
DA:47,0
DA:48,0
DA:49,0
DA:50,0
DA:51,0
DA:52,0
DA:53,0
DA:54,0
DA:55,0
DA:56,0
DA:57,0
DA:58,0
DA:59,0
DA:60,0
DA:61,0
DA:62,0
DA:63,0
DA:64,0
DA:65,0
DA:66,0
DA:67,0
DA:68,0
DA:69,0
DA:70,0
DA:71,0
DA:72,0
DA:73,0
DA:74,0
DA:75,0
DA:76,0
DA:77,0
DA:78,0
DA:79,0
DA:80,0
DA:81,0
DA:82,0
DA:83,0
DA:84,0
DA:85,0
DA:86,0
LF:86
LH:0
BRDA:1,0,0,0
BRF:1
BRH:0
end_of_record
TN:
SF:src/factories/controllers/user.js
FN:1,(empty-report)
FNF:1
FNH:0
FNDA:0,(empty-report)
DA:1,0
DA:2,0
DA:3,0
DA:4,0
DA:5,0
DA:6,0
DA:7,0
DA:8,0
DA:9,0
DA:10,0
DA:11,0
DA:12,0
DA:13,0
DA:14,0
DA:15,0
DA:16,0
DA:17,0
DA:18,0
DA:19,0
DA:20,0
DA:21,0
DA:22,0
DA:23,0
DA:24,0
DA:25,0
DA:26,0
DA:27,0
DA:28,0
DA:29,0
DA:30,0
DA:31,0
DA:32,0
DA:33,0
DA:34,0
DA:35,0
DA:36,0
DA:37,0
DA:38,0
DA:39,0
DA:40,0
DA:41,0
DA:42,0
DA:43,0
DA:44,0
DA:45,0
DA:46,0
DA:47,0
DA:48,0
DA:49,0
DA:50,0
DA:51,0
DA:52,0
DA:53,0
DA:54,0
DA:55,0
DA:56,0
DA:57,0
DA:58,0
DA:59,0
DA:60,0
DA:61,0
DA:62,0
DA:63,0
DA:64,0
DA:65,0
DA:66,0
DA:67,0
DA:68,0
DA:69,0
DA:70,0
DA:71,0
DA:72,0
DA:73,0
DA:74,0
DA:75,0
DA:76,0
DA:77,0
DA:78,0
DA:79,0
DA:80,0
DA:81,0
DA:82,0
DA:83,0
DA:84,0
DA:85,0
DA:86,0
DA:87,0
DA:88,0
DA:89,0
DA:90,0
DA:91,0
LF:91
LH:0
BRDA:1,0,0,0
BRF:1
BRH:0
end_of_record
TN:
SF:src/repositories/postgres/index.js
FN:1,(empty-report)
FNF:1
FNH:0
FNDA:0,(empty-report)
DA:1,0
DA:2,0
DA:3,0
DA:4,0
DA:5,0
DA:6,0
DA:7,0
DA:8,0
DA:9,0
DA:10,0
DA:11,0
LF:11
LH:0
BRDA:1,0,0,0
BRF:1
BRH:0
end_of_record
TN:
SF:src/repositories/postgres/transaction/create-transaction.js
FN:1,(empty-report)
FNF:1
FNH:0
FNDA:0,(empty-report)
DA:1,0
DA:2,0
DA:3,0
DA:4,0
DA:5,0
DA:6,0
DA:7,0
DA:8,0
DA:9,0
LF:9
LH:0
BRDA:1,0,0,0
BRF:1
BRH:0
end_of_record
TN:
SF:src/repositories/postgres/transaction/delete-transaction.js
FN:1,(empty-report)
FNF:1
FNH:0
FNDA:0,(empty-report)
DA:1,0
DA:2,0
DA:3,0
DA:4,0
DA:5,0
DA:6,0
DA:7,0
DA:8,0
DA:9,0
DA:10,0
DA:11,0
DA:12,0
DA:13,0
DA:14,0
DA:15,0
LF:15
LH:0
BRDA:1,0,0,0
BRF:1
BRH:0
end_of_record
TN:
SF:src/repositories/postgres/transaction/get-transactions-by-user-id.js
FN:1,(empty-report)
FNF:1
FNH:0
FNDA:0,(empty-report)
DA:1,0
DA:2,0
DA:3,0
DA:4,0
DA:5,0
DA:6,0
DA:7,0
DA:8,0
DA:9,0
DA:10,0
DA:11,0
LF:11
LH:0
BRDA:1,0,0,0
BRF:1
BRH:0
end_of_record
TN:
SF:src/repositories/postgres/transaction/update-transaction.js
FN:1,(empty-report)
FNF:1
FNH:0
FNDA:0,(empty-report)
DA:1,0
DA:2,0
DA:3,0
DA:4,0
DA:5,0
DA:6,0
DA:7,0
DA:8,0
DA:9,0
DA:10,0
DA:11,0
DA:12,0
LF:12
LH:0
BRDA:1,0,0,0
BRF:1
BRH:0
end_of_record
TN:
SF:src/repositories/postgres/user/create-user.js
FN:1,(empty-report)
FNF:1
FNH:0
FNDA:0,(empty-report)
DA:1,0
DA:2,0
DA:3,0
DA:4,0
DA:5,0
DA:6,0
DA:7,0
DA:8,0
DA:9,0
DA:10,0
DA:11,0
DA:12,0
DA:13,0
DA:14,0
DA:15,0
DA:16,0
DA:17,0
LF:17
LH:0
BRDA:1,0,0,0
BRF:1
BRH:0
end_of_record
TN:
SF:src/repositories/postgres/user/delete-user.js
FN:1,(empty-report)
FNF:1
FNH:0
FNDA:0,(empty-report)
DA:1,0
DA:2,0
DA:3,0
DA:4,0
DA:5,0
DA:6,0
DA:7,0
DA:8,0
DA:9,0
DA:10,0
DA:11,0
DA:12,0
DA:13,0
DA:14,0
DA:15,0
LF:15
LH:0
BRDA:1,0,0,0
BRF:1
BRH:0
end_of_record
TN:
SF:src/repositories/postgres/user/get-user-balance.js
FN:1,(empty-report)
FNF:1
FNH:0
FNDA:0,(empty-report)
DA:1,0
DA:2,0
DA:3,0
DA:4,0
DA:5,0
DA:6,0
DA:7,0
DA:8,0
DA:9,0
DA:10,0
DA:11,0
DA:12,0
DA:13,0
DA:14,0
DA:15,0
DA:16,0
DA:17,0
DA:18,0
DA:19,0
DA:20,0
DA:21,0
DA:22,0
DA:23,0
DA:24,0
DA:25,0
DA:26,0
DA:27,0
DA:28,0
DA:29,0
DA:30,0
DA:31,0
DA:32,0
DA:33,0
DA:34,0
DA:35,0
DA:36,0
DA:37,0
DA:38,0
DA:39,0
DA:40,0
DA:41,0
DA:42,0
DA:43,0
DA:44,0
DA:45,0
DA:46,0
DA:47,0
DA:48,0
DA:49,0
DA:50,0
DA:51,0
DA:52,0
DA:53,0
DA:54,0
DA:55,0
DA:56,0
DA:57,0
LF:57
LH:0
BRDA:1,0,0,0
BRF:1
BRH:0
end_of_record
TN:
SF:src/repositories/postgres/user/get-user-by-email.js
FN:1,(empty-report)
FNF:1
FNH:0
FNDA:0,(empty-report)
DA:1,0
DA:2,0
DA:3,0
DA:4,0
DA:5,0
DA:6,0
DA:7,0
DA:8,0
DA:9,0
DA:10,0
DA:11,0
LF:11
LH:0
BRDA:1,0,0,0
BRF:1
BRH:0
end_of_record
TN:
SF:src/repositories/postgres/user/get-user-by-id.js
FN:1,(empty-report)
FNF:1
FNH:0
FNDA:0,(empty-report)
DA:1,0
DA:2,0
DA:3,0
DA:4,0
DA:5,0
DA:6,0
DA:7,0
DA:8,0
DA:9,0
DA:10,0
DA:11,0
LF:11
LH:0
BRDA:1,0,0,0
BRF:1
BRH:0
end_of_record
TN:
SF:src/repositories/postgres/user/update-user.js
FN:1,(empty-report)
FNF:1
FNH:0
FNDA:0,(empty-report)
DA:1,0
DA:2,0
DA:3,0
DA:4,0
DA:5,0
DA:6,0
DA:7,0
DA:8,0
DA:9,0
DA:10,0
DA:11,0
DA:12,0
LF:12
LH:0
BRDA:1,0,0,0
BRF:1
BRH:0
end_of_record
TN:
SF:src/schemas/index.js
FN:1,get
FN:2,get
FNF:2
FNH:1
FNDA:16,get
FNDA:0,get
DA:1,16
DA:2,0
LF:2
LH:1
BRDA:1,0,0,4
BRDA:1,1,0,0
BRDA:1,2,0,0
BRDA:1,3,0,0
BRDA:1,4,0,16
BRDA:2,5,0,4
BRDA:2,6,0,0
BRDA:2,7,0,0
BRDA:2,8,0,0
BRF:9
BRH:3
end_of_record
TN:
SF:src/schemas/transaction.js
FN:29,errorMap
FNF:1
FNH:0
FNDA:0,errorMap
DA:1,1
DA:2,1
DA:3,1
DA:4,1
DA:5,1
DA:6,1
DA:7,1
DA:8,1
DA:9,1
DA:10,1
DA:11,1
DA:12,1
DA:13,1
DA:14,1
DA:15,1
DA:16,1
DA:17,1
DA:18,1
DA:19,1
DA:20,1
DA:21,1
DA:22,1
DA:23,1
DA:24,1
DA:25,1
DA:26,1
DA:27,1
DA:28,1
DA:29,1
DA:30,0
DA:31,0
DA:32,1
DA:33,1
DA:34,1
DA:35,1
DA:36,1
DA:37,1
DA:38,1
DA:39,1
DA:40,1
DA:41,1
DA:42,16
DA:43,16
DA:44,16
DA:45,16
DA:46,16
DA:47,1
DA:48,1
DA:49,1
DA:50,1
DA:51,1
DA:52,1
DA:53,1
DA:54,1
DA:55,1
DA:56,1
DA:57,1
LF:57
LH:55
BRDA:41,0,0,16
BRF:1
BRH:1
end_of_record
TN:
SF:src/schemas/user.js
FNF:0
FNH:0
DA:1,1
DA:2,1
DA:3,1
DA:4,1
DA:5,1
DA:6,1
DA:7,1
DA:8,1
DA:9,1
DA:10,1
DA:11,1
DA:12,1
DA:13,1
DA:14,1
DA:15,1
DA:16,1
DA:17,1
DA:18,1
DA:19,1
DA:20,1
DA:21,1
DA:22,1
DA:23,1
DA:24,1
DA:25,1
DA:26,1
DA:27,1
DA:28,1
DA:29,1
DA:30,1
DA:31,1
LF:31
LH:31
BRF:0
BRH:0
end_of_record
TN:
SF:src/use-cases/index.js
FN:1,(empty-report)
FNF:1
FNH:0
FNDA:0,(empty-report)
DA:1,0
DA:2,0
DA:3,0
DA:4,0
DA:5,0
DA:6,0
DA:7,0
DA:8,0
DA:9,0
DA:10,0
LF:10
LH:0
BRDA:1,0,0,0
BRF:1
BRH:0
end_of_record
TN:
SF:src/use-cases/transaction/create-transaction.js
FN:1,(empty-report)
FNF:1
FNH:0
FNDA:0,(empty-report)
DA:1,0
DA:2,0
DA:3,0
DA:4,0
DA:5,0
DA:6,0
DA:7,0
DA:8,0
DA:9,0
DA:10,0
DA:11,0
DA:12,0
DA:13,0
DA:14,0
DA:15,0
DA:16,0
DA:17,0
DA:18,0
DA:19,0
DA:20,0
DA:21,0
DA:22,0
DA:23,0
DA:24,0
DA:25,0
DA:26,0
DA:27,0
DA:28,0
DA:29,0
DA:30,0
DA:31,0
DA:32,0
LF:32
LH:0
BRDA:1,0,0,0
BRF:1
BRH:0
end_of_record
TN:
SF:src/use-cases/transaction/delete-transaction.js
FN:1,(empty-report)
FNF:1
FNH:0
FNDA:0,(empty-report)
DA:1,0
DA:2,0
DA:3,0
DA:4,0
DA:5,0
DA:6,0
DA:7,0
DA:8,0
DA:9,0
DA:10,0
DA:11,0
LF:11
LH:0
BRDA:1,0,0,0
BRF:1
BRH:0
end_of_record
TN:
SF:src/use-cases/transaction/get-transactions-by-user-id.js
FN:1,(empty-report)
FNF:1
FNH:0
FNDA:0,(empty-report)
DA:1,0
DA:2,0
DA:3,0
DA:4,0
DA:5,0
DA:6,0
DA:7,0
DA:8,0
DA:9,0
DA:10,0
DA:11,0
DA:12,0
DA:13,0
DA:14,0
DA:15,0
DA:16,0
DA:17,0
DA:18,0
DA:19,0
LF:19
LH:0
BRDA:1,0,0,0
BRF:1
BRH:0
end_of_record
TN:
SF:src/use-cases/transaction/update-transaction.js
FN:1,(empty-report)
FNF:1
FNH:0
FNDA:0,(empty-report)
DA:1,0
DA:2,0
DA:3,0
DA:4,0
DA:5,0
DA:6,0
DA:7,0
DA:8,0
DA:9,0
DA:10,0
DA:11,0
DA:12,0
DA:13,0
DA:14,0
LF:14
LH:0
BRDA:1,0,0,0
BRF:1
BRH:0
end_of_record
TN:
SF:src/use-cases/user/create-user.js
FN:4,CreateUserUseCase
FN:16,execute
FNF:2
FNH:2
FNDA:8,CreateUserUseCase
FNDA:8,execute
DA:1,1
DA:2,1
DA:3,1
DA:4,1
DA:5,8
DA:6,8
DA:7,8
DA:8,8
DA:9,8
DA:10,8
DA:11,8
DA:12,8
DA:13,8
DA:14,8
DA:15,1
DA:16,1
DA:17,8
DA:18,8
DA:19,6
DA:20,8
DA:21,1
DA:22,1
DA:23,5
DA:24,5
DA:25,5
DA:26,5
DA:27,5
DA:28,5
DA:29,4
DA:30,4
DA:31,4
DA:32,4
DA:33,4
DA:34,4
DA:35,4
DA:36,4
DA:37,3
DA:38,3
DA:39,1
LF:39
LH:39
BRDA:4,0,0,8
BRDA:16,1,0,8
BRDA:19,2,0,6
BRDA:20,3,0,1
BRDA:22,4,0,5
BRDA:29,5,0,4
BRDA:37,6,0,3
BRF:7
BRH:7
end_of_record
TN:
SF:src/use-cases/user/delete-user.js
FN:2,DeleteUserUseCase
FN:5,execute
FNF:2
FNH:2
FNDA:3,DeleteUserUseCase
FNDA:3,execute
DA:1,1
DA:2,1
DA:3,3
DA:4,3
DA:5,1
DA:6,3
DA:7,2
DA:8,2
DA:9,2
DA:10,1
LF:10
LH:10
BRDA:2,0,0,3
BRDA:5,1,0,3
BRDA:7,2,0,2
BRF:3
BRH:3
end_of_record
TN:
SF:src/use-cases/user/get-user-balance.js
FN:4,GetUserBalanceUseCase
FN:9,execute
FNF:2
FNH:2
FNDA:4,GetUserBalanceUseCase
FNDA:4,execute
DA:1,1
DA:2,1
DA:3,1
DA:4,1
DA:5,4
DA:6,4
DA:7,4
DA:8,1
DA:9,1
DA:10,4
DA:11,4
DA:12,4
DA:13,1
DA:14,1
DA:15,3
DA:16,3
DA:17,3
DA:18,3
DA:19,3
DA:20,1
LF:20
LH:20
BRDA:4,0,0,4
BRDA:9,1,0,4
BRDA:12,2,0,1
BRDA:14,3,0,3
BRF:4
BRH:4
end_of_record
TN:
SF:src/use-cases/user/get-user-by-id.js
FN:2,GetUserByIdUseCase
FN:6,execute
FNF:2
FNH:2
FNDA:1,GetUserByIdUseCase
FNDA:1,execute
DA:1,1
DA:2,1
DA:3,1
DA:4,1
DA:5,1
DA:6,1
DA:7,1
DA:8,1
DA:9,1
DA:10,1
LF:10
LH:10
BRDA:2,0,0,1
BRDA:6,1,0,1
BRF:2
BRH:2
end_of_record
TN:
SF:src/use-cases/user/update-user.js
FN:1,(empty-report)
FNF:1
FNH:0
FNDA:0,(empty-report)
DA:1,0
DA:2,0
DA:3,0
DA:4,0
DA:5,0
DA:6,0
DA:7,0
DA:8,0
DA:9,0
DA:10,0
DA:11,0
DA:12,0
DA:13,0
DA:14,0
DA:15,0
DA:16,0
DA:17,0
DA:18,0
DA:19,0
DA:20,0
DA:21,0
DA:22,0
DA:23,0
DA:24,0
DA:25,0
DA:26,0
DA:27,0
DA:28,0
DA:29,0
DA:30,0
DA:31,0
DA:32,0
DA:33,0
DA:34,0
DA:35,0
DA:36,0
DA:37,0
DA:38,0
DA:39,0
DA:40,0
DA:41,0
DA:42,0
DA:43,0
DA:44,0
LF:44
LH:0
BRDA:1,0,0,0
BRF:1
BRH:0
end_of_record
